01-Dec-2019 10:03:00.168 INFORMACIÓN [main] org.apache.catalina.startup.VersionLoggerListener.log Nombre de la versión del servidor:   Apache Tomcat/8.5.47

01-Dec-2019 10:03:00.171 INFORMACIÓN [main] org.apache.catalina.startup.VersionLoggerListener.log Server built:          Oct 7 2019 13:30:46 UTC
01-Dec-2019 10:03:00.171 INFORMACIÓN [main] org.apache.catalina.startup.VersionLoggerListener.log Número de versión de servidor:         8.5.47.0
01-Dec-2019 10:03:00.171 INFORMACIÓN [main] org.apache.catalina.startup.VersionLoggerListener.log OS Name:               Linux
01-Dec-2019 10:03:00.171 INFORMACIÓN [main] org.apache.catalina.startup.VersionLoggerListener.log Versión de Systema Operativo:      5.0.0-36-generic

01-Dec-2019 10:03:00.172 INFORMACIÓN [main] org.apache.catalina.startup.VersionLoggerListener.log Arquitectura:          amd64

01-Dec-2019 10:03:00.172 INFORMACIÓN [main] org.apache.catalina.startup.VersionLoggerListener.log Java Home:             /usr/lib/jvm/java-11-openjdk-amd64
01-Dec-2019 10:03:00.172 INFORMACIÓN [main] org.apache.catalina.startup.VersionLoggerListener.log JVM Version:           11.0.4+11-post-Ubuntu-1ubuntu218.04.3
01-Dec-2019 10:03:00.172 INFORMACIÓN [main] org.apache.catalina.startup.VersionLoggerListener.log Vededor JVM:     Ubuntu
01-Dec-2019 10:03:00.172 INFORMACIÓN [main] org.apache.catalina.startup.VersionLoggerListener.log CATALINA_BASE:         /home/fran/Escritorio/DespliegeApp/tomcat/apache-tomcat-8.5.47
01-Dec-2019 10:03:00.172 INFORMACIÓN [main] org.apache.catalina.startup.VersionLoggerListener.log CATALINA_HOME:         /home/fran/Escritorio/DespliegeApp/tomcat/apache-tomcat-8.5.47
01-Dec-2019 10:03:00.174 INFORMACIÓN [main] org.apache.catalina.startup.VersionLoggerListener.log Command line argument: --add-opens=java.base/java.lang=ALL-UNNAMED
01-Dec-2019 10:03:00.174 INFORMACIÓN [main] org.apache.catalina.startup.VersionLoggerListener.log Command line argument: --add-opens=java.base/java.io=ALL-UNNAMED
01-Dec-2019 10:03:00.174 INFORMACIÓN [main] org.apache.catalina.startup.VersionLoggerListener.log Command line argument: --add-opens=java.rmi/sun.rmi.transport=ALL-UNNAMED
01-Dec-2019 10:03:00.175 INFORMACIÓN [main] org.apache.catalina.startup.VersionLoggerListener.log Command line argument: -Djava.util.logging.config.file=/home/fran/Escritorio/DespliegeApp/tomcat/apache-tomcat-8.5.47/conf/logging.properties
01-Dec-2019 10:03:00.175 INFORMACIÓN [main] org.apache.catalina.startup.VersionLoggerListener.log Command line argument: -Djava.util.logging.manager=org.apache.juli.ClassLoaderLogManager
01-Dec-2019 10:03:00.175 INFORMACIÓN [main] org.apache.catalina.startup.VersionLoggerListener.log Command line argument: -Djdk.tls.ephemeralDHKeySize=2048
01-Dec-2019 10:03:00.175 INFORMACIÓN [main] org.apache.catalina.startup.VersionLoggerListener.log Command line argument: -Djava.protocol.handler.pkgs=org.apache.catalina.webresources
01-Dec-2019 10:03:00.175 INFORMACIÓN [main] org.apache.catalina.startup.VersionLoggerListener.log Command line argument: -Dorg.apache.catalina.security.SecurityListener.UMASK=0027
01-Dec-2019 10:03:00.175 INFORMACIÓN [main] org.apache.catalina.startup.VersionLoggerListener.log Command line argument: -Dignore.endorsed.dirs=
01-Dec-2019 10:03:00.175 INFORMACIÓN [main] org.apache.catalina.startup.VersionLoggerListener.log Command line argument: -Dcatalina.base=/home/fran/Escritorio/DespliegeApp/tomcat/apache-tomcat-8.5.47
01-Dec-2019 10:03:00.175 INFORMACIÓN [main] org.apache.catalina.startup.VersionLoggerListener.log Command line argument: -Dcatalina.home=/home/fran/Escritorio/DespliegeApp/tomcat/apache-tomcat-8.5.47
01-Dec-2019 10:03:00.175 INFORMACIÓN [main] org.apache.catalina.startup.VersionLoggerListener.log Command line argument: -Djava.io.tmpdir=/home/fran/Escritorio/DespliegeApp/tomcat/apache-tomcat-8.5.47/temp
01-Dec-2019 10:03:00.175 INFORMACIÓN [main] org.apache.catalina.core.AprLifecycleListener.lifecycleEvent La biblioteca nativa de Apache Tomcat basada en ARP que permite un rendimiento óptimo en entornos de desarrollo no ha sido hallada en java.library.path: [/usr/java/packages/lib:/usr/lib/x86_64-linux-gnu/jni:/lib/x86_64-linux-gnu:/usr/lib/x86_64-linux-gnu:/usr/lib/jni:/lib:/usr/lib]
01-Dec-2019 10:03:00.217 INFORMACIÓN [main] org.apache.coyote.AbstractProtocol.init Inicializando el manejador de protocolo ["http-nio-8080"]

01-Dec-2019 10:03:00.229 INFORMACIÓN [main] org.apache.tomcat.util.net.NioSelectorPool.getSharedSelector Using a shared selector for servlet write/read
01-Dec-2019 10:03:00.239 INFORMACIÓN [main] org.apache.coyote.AbstractProtocol.init Inicializando el manejador de protocolo ["ajp-nio-8009"]

01-Dec-2019 10:03:00.240 INFORMACIÓN [main] org.apache.tomcat.util.net.NioSelectorPool.getSharedSelector Using a shared selector for servlet write/read
01-Dec-2019 10:03:00.240 INFORMACIÓN [main] org.apache.catalina.startup.Catalina.load Initialization processed in 488 ms
01-Dec-2019 10:03:00.292 INFORMACIÓN [main] org.apache.catalina.core.StandardService.startInternal Arrancando servicio [Catalina]
01-Dec-2019 10:03:00.292 INFORMACIÓN [main] org.apache.catalina.core.StandardEngine.startInternal Starting Servlet Engine: Apache Tomcat/8.5.47
01-Dec-2019 10:03:00.310 INFORMACIÓN [localhost-startStop-1] org.apache.catalina.startup.HostConfig.deployWAR Despliegue del archivo [/home/fran/Escritorio/DespliegeApp/tomcat/apache-tomcat-8.5.47/webapps/SensorMan2.war] de la aplicación web
01-Dec-2019 10:03:00.690 INFORMACIÓN [localhost-startStop-1] org.apache.jasper.servlet.TldScanner.scanJars Al menos un JAR, que se ha explorado buscando TLDs, aún no contenía TLDs. Activar historial de depuración para este historiador para una completa lista de los JARs que fueron explorados y de los que nos se halló TLDs. Saltarse JARs no necesarios durante la exploración puede dar lugar a una mejora de tiempo significativa en el arranque y compilación de JSP .
01-Dec-2019 10:03:00.754 INFORMACIÓN [localhost-startStop-1] org.apache.catalina.startup.HostConfig.deployWAR Deployment of web application archive [/home/fran/Escritorio/DespliegeApp/tomcat/apache-tomcat-8.5.47/webapps/SensorMan2.war] has finished in [441] ms
01-Dec-2019 10:03:00.756 INFORMACIÓN [localhost-startStop-1] org.apache.catalina.startup.HostConfig.deployDirectory Desplegando el directorio [/home/fran/Escritorio/DespliegeApp/tomcat/apache-tomcat-8.5.47/webapps/docs] de la aplicación web
01-Dec-2019 10:03:00.780 INFORMACIÓN [localhost-startStop-1] org.apache.catalina.startup.HostConfig.deployDirectory Deployment of web application directory [/home/fran/Escritorio/DespliegeApp/tomcat/apache-tomcat-8.5.47/webapps/docs] has finished in [24] ms
01-Dec-2019 10:03:00.781 INFORMACIÓN [localhost-startStop-1] org.apache.catalina.startup.HostConfig.deployDirectory Desplegando el directorio [/home/fran/Escritorio/DespliegeApp/tomcat/apache-tomcat-8.5.47/webapps/host-manager] de la aplicación web
01-Dec-2019 10:03:00.822 INFORMACIÓN [localhost-startStop-1] org.apache.catalina.startup.HostConfig.deployDirectory Deployment of web application directory [/home/fran/Escritorio/DespliegeApp/tomcat/apache-tomcat-8.5.47/webapps/host-manager] has finished in [41] ms
01-Dec-2019 10:03:00.822 INFORMACIÓN [localhost-startStop-1] org.apache.catalina.startup.HostConfig.deployDirectory Desplegando el directorio [/home/fran/Escritorio/DespliegeApp/tomcat/apache-tomcat-8.5.47/webapps/examples] de la aplicación web
01-Dec-2019 10:03:01.043 INFORMACIÓN [localhost-startStop-1] org.apache.catalina.startup.HostConfig.deployDirectory Deployment of web application directory [/home/fran/Escritorio/DespliegeApp/tomcat/apache-tomcat-8.5.47/webapps/examples] has finished in [221] ms
01-Dec-2019 10:03:01.043 INFORMACIÓN [localhost-startStop-1] org.apache.catalina.startup.HostConfig.deployDirectory Desplegando el directorio [/home/fran/Escritorio/DespliegeApp/tomcat/apache-tomcat-8.5.47/webapps/ROOT] de la aplicación web
01-Dec-2019 10:03:01.063 INFORMACIÓN [localhost-startStop-1] org.apache.catalina.startup.HostConfig.deployDirectory Deployment of web application directory [/home/fran/Escritorio/DespliegeApp/tomcat/apache-tomcat-8.5.47/webapps/ROOT] has finished in [20] ms
01-Dec-2019 10:03:01.063 INFORMACIÓN [localhost-startStop-1] org.apache.catalina.startup.HostConfig.deployDirectory Desplegando el directorio [/home/fran/Escritorio/DespliegeApp/tomcat/apache-tomcat-8.5.47/webapps/manager] de la aplicación web
01-Dec-2019 10:03:01.087 INFORMACIÓN [localhost-startStop-1] org.apache.catalina.startup.HostConfig.deployDirectory Deployment of web application directory [/home/fran/Escritorio/DespliegeApp/tomcat/apache-tomcat-8.5.47/webapps/manager] has finished in [24] ms
01-Dec-2019 10:03:01.091 INFORMACIÓN [main] org.apache.coyote.AbstractProtocol.start Starting ProtocolHandler ["http-nio-8080"]
01-Dec-2019 10:03:01.106 INFORMACIÓN [main] org.apache.coyote.AbstractProtocol.start Starting ProtocolHandler ["ajp-nio-8009"]
01-Dec-2019 10:03:01.163 INFORMACIÓN [main] org.apache.catalina.startup.Catalina.start Server startup in 922 ms
01-Dec-2019 10:17:14.548 INFORMACIÓN [main] org.apache.catalina.startup.VersionLoggerListener.log Nombre de la versión del servidor:   Apache Tomcat/8.5.47

01-Dec-2019 10:17:14.552 INFORMACIÓN [main] org.apache.catalina.startup.VersionLoggerListener.log Server built:          Oct 7 2019 13:30:46 UTC
01-Dec-2019 10:17:14.552 INFORMACIÓN [main] org.apache.catalina.startup.VersionLoggerListener.log Número de versión de servidor:         8.5.47.0
01-Dec-2019 10:17:14.552 INFORMACIÓN [main] org.apache.catalina.startup.VersionLoggerListener.log OS Name:               Linux
01-Dec-2019 10:17:14.552 INFORMACIÓN [main] org.apache.catalina.startup.VersionLoggerListener.log Versión de Systema Operativo:      5.0.0-36-generic

01-Dec-2019 10:17:14.552 INFORMACIÓN [main] org.apache.catalina.startup.VersionLoggerListener.log Arquitectura:          amd64

01-Dec-2019 10:17:14.553 INFORMACIÓN [main] org.apache.catalina.startup.VersionLoggerListener.log Java Home:             /usr/lib/jvm/java-11-openjdk-amd64
01-Dec-2019 10:17:14.553 INFORMACIÓN [main] org.apache.catalina.startup.VersionLoggerListener.log JVM Version:           11.0.4+11-post-Ubuntu-1ubuntu218.04.3
01-Dec-2019 10:17:14.553 INFORMACIÓN [main] org.apache.catalina.startup.VersionLoggerListener.log Vededor JVM:     Ubuntu
01-Dec-2019 10:17:14.553 INFORMACIÓN [main] org.apache.catalina.startup.VersionLoggerListener.log CATALINA_BASE:         /home/fran/Escritorio/DespliegeApp/tomcat/apache-tomcat-8.5.47
01-Dec-2019 10:17:14.553 INFORMACIÓN [main] org.apache.catalina.startup.VersionLoggerListener.log CATALINA_HOME:         /home/fran/Escritorio/DespliegeApp/tomcat/apache-tomcat-8.5.47
01-Dec-2019 10:17:14.555 INFORMACIÓN [main] org.apache.catalina.startup.VersionLoggerListener.log Command line argument: --add-opens=java.base/java.lang=ALL-UNNAMED
01-Dec-2019 10:17:14.555 INFORMACIÓN [main] org.apache.catalina.startup.VersionLoggerListener.log Command line argument: --add-opens=java.base/java.io=ALL-UNNAMED
01-Dec-2019 10:17:14.555 INFORMACIÓN [main] org.apache.catalina.startup.VersionLoggerListener.log Command line argument: --add-opens=java.rmi/sun.rmi.transport=ALL-UNNAMED
01-Dec-2019 10:17:14.555 INFORMACIÓN [main] org.apache.catalina.startup.VersionLoggerListener.log Command line argument: -Djava.util.logging.config.file=/home/fran/Escritorio/DespliegeApp/tomcat/apache-tomcat-8.5.47/conf/logging.properties
01-Dec-2019 10:17:14.555 INFORMACIÓN [main] org.apache.catalina.startup.VersionLoggerListener.log Command line argument: -Djava.util.logging.manager=org.apache.juli.ClassLoaderLogManager
01-Dec-2019 10:17:14.555 INFORMACIÓN [main] org.apache.catalina.startup.VersionLoggerListener.log Command line argument: -Djdk.tls.ephemeralDHKeySize=2048
01-Dec-2019 10:17:14.555 INFORMACIÓN [main] org.apache.catalina.startup.VersionLoggerListener.log Command line argument: -Djava.protocol.handler.pkgs=org.apache.catalina.webresources
01-Dec-2019 10:17:14.555 INFORMACIÓN [main] org.apache.catalina.startup.VersionLoggerListener.log Command line argument: -Dorg.apache.catalina.security.SecurityListener.UMASK=0027
01-Dec-2019 10:17:14.555 INFORMACIÓN [main] org.apache.catalina.startup.VersionLoggerListener.log Command line argument: -Dignore.endorsed.dirs=
01-Dec-2019 10:17:14.556 INFORMACIÓN [main] org.apache.catalina.startup.VersionLoggerListener.log Command line argument: -Dcatalina.base=/home/fran/Escritorio/DespliegeApp/tomcat/apache-tomcat-8.5.47
01-Dec-2019 10:17:14.556 INFORMACIÓN [main] org.apache.catalina.startup.VersionLoggerListener.log Command line argument: -Dcatalina.home=/home/fran/Escritorio/DespliegeApp/tomcat/apache-tomcat-8.5.47
01-Dec-2019 10:17:14.556 INFORMACIÓN [main] org.apache.catalina.startup.VersionLoggerListener.log Command line argument: -Djava.io.tmpdir=/home/fran/Escritorio/DespliegeApp/tomcat/apache-tomcat-8.5.47/temp
01-Dec-2019 10:17:14.556 INFORMACIÓN [main] org.apache.catalina.core.AprLifecycleListener.lifecycleEvent La biblioteca nativa de Apache Tomcat basada en ARP que permite un rendimiento óptimo en entornos de desarrollo no ha sido hallada en java.library.path: [/usr/java/packages/lib:/usr/lib/x86_64-linux-gnu/jni:/lib/x86_64-linux-gnu:/usr/lib/x86_64-linux-gnu:/usr/lib/jni:/lib:/usr/lib]
01-Dec-2019 10:17:14.598 INFORMACIÓN [main] org.apache.coyote.AbstractProtocol.init Inicializando el manejador de protocolo ["http-nio-8080"]

01-Dec-2019 10:17:14.608 INFORMACIÓN [main] org.apache.tomcat.util.net.NioSelectorPool.getSharedSelector Using a shared selector for servlet write/read
01-Dec-2019 10:17:14.622 INFORMACIÓN [main] org.apache.coyote.AbstractProtocol.init Inicializando el manejador de protocolo ["ajp-nio-8009"]

01-Dec-2019 10:17:14.623 INFORMACIÓN [main] org.apache.tomcat.util.net.NioSelectorPool.getSharedSelector Using a shared selector for servlet write/read
01-Dec-2019 10:17:14.624 INFORMACIÓN [main] org.apache.catalina.startup.Catalina.load Initialization processed in 471 ms
01-Dec-2019 10:17:14.672 INFORMACIÓN [main] org.apache.catalina.core.StandardService.startInternal Arrancando servicio [Catalina]
01-Dec-2019 10:17:14.672 INFORMACIÓN [main] org.apache.catalina.core.StandardEngine.startInternal Starting Servlet Engine: Apache Tomcat/8.5.47
01-Dec-2019 10:17:14.690 INFORMACIÓN [localhost-startStop-1] org.apache.catalina.startup.HostConfig.deployWAR Despliegue del archivo [/home/fran/Escritorio/DespliegeApp/tomcat/apache-tomcat-8.5.47/webapps/SensorMan2.war] de la aplicación web
01-Dec-2019 10:17:15.063 INFORMACIÓN [localhost-startStop-1] org.apache.jasper.servlet.TldScanner.scanJars Al menos un JAR, que se ha explorado buscando TLDs, aún no contenía TLDs. Activar historial de depuración para este historiador para una completa lista de los JARs que fueron explorados y de los que nos se halló TLDs. Saltarse JARs no necesarios durante la exploración puede dar lugar a una mejora de tiempo significativa en el arranque y compilación de JSP .
01-Dec-2019 10:17:15.120 INFORMACIÓN [localhost-startStop-1] org.apache.catalina.startup.HostConfig.deployWAR Deployment of web application archive [/home/fran/Escritorio/DespliegeApp/tomcat/apache-tomcat-8.5.47/webapps/SensorMan2.war] has finished in [428] ms
01-Dec-2019 10:17:15.122 INFORMACIÓN [localhost-startStop-1] org.apache.catalina.startup.HostConfig.deployDirectory Desplegando el directorio [/home/fran/Escritorio/DespliegeApp/tomcat/apache-tomcat-8.5.47/webapps/docs] de la aplicación web
01-Dec-2019 10:17:15.144 INFORMACIÓN [localhost-startStop-1] org.apache.catalina.startup.HostConfig.deployDirectory Deployment of web application directory [/home/fran/Escritorio/DespliegeApp/tomcat/apache-tomcat-8.5.47/webapps/docs] has finished in [22] ms
01-Dec-2019 10:17:15.144 INFORMACIÓN [localhost-startStop-1] org.apache.catalina.startup.HostConfig.deployDirectory Desplegando el directorio [/home/fran/Escritorio/DespliegeApp/tomcat/apache-tomcat-8.5.47/webapps/host-manager] de la aplicación web
01-Dec-2019 10:17:15.174 INFORMACIÓN [localhost-startStop-1] org.apache.catalina.startup.HostConfig.deployDirectory Deployment of web application directory [/home/fran/Escritorio/DespliegeApp/tomcat/apache-tomcat-8.5.47/webapps/host-manager] has finished in [30] ms
01-Dec-2019 10:17:15.174 INFORMACIÓN [localhost-startStop-1] org.apache.catalina.startup.HostConfig.deployDirectory Desplegando el directorio [/home/fran/Escritorio/DespliegeApp/tomcat/apache-tomcat-8.5.47/webapps/examples] de la aplicación web
01-Dec-2019 10:17:15.364 INFORMACIÓN [localhost-startStop-1] org.apache.catalina.startup.HostConfig.deployDirectory Deployment of web application directory [/home/fran/Escritorio/DespliegeApp/tomcat/apache-tomcat-8.5.47/webapps/examples] has finished in [189] ms
01-Dec-2019 10:17:15.364 INFORMACIÓN [localhost-startStop-1] org.apache.catalina.startup.HostConfig.deployDirectory Desplegando el directorio [/home/fran/Escritorio/DespliegeApp/tomcat/apache-tomcat-8.5.47/webapps/ROOT] de la aplicación web
01-Dec-2019 10:17:15.383 INFORMACIÓN [localhost-startStop-1] org.apache.catalina.startup.HostConfig.deployDirectory Deployment of web application directory [/home/fran/Escritorio/DespliegeApp/tomcat/apache-tomcat-8.5.47/webapps/ROOT] has finished in [19] ms
01-Dec-2019 10:17:15.383 INFORMACIÓN [localhost-startStop-1] org.apache.catalina.startup.HostConfig.deployDirectory Desplegando el directorio [/home/fran/Escritorio/DespliegeApp/tomcat/apache-tomcat-8.5.47/webapps/manager] de la aplicación web
01-Dec-2019 10:17:15.407 INFORMACIÓN [localhost-startStop-1] org.apache.catalina.startup.HostConfig.deployDirectory Deployment of web application directory [/home/fran/Escritorio/DespliegeApp/tomcat/apache-tomcat-8.5.47/webapps/manager] has finished in [24] ms
01-Dec-2019 10:17:15.413 INFORMACIÓN [main] org.apache.coyote.AbstractProtocol.start Starting ProtocolHandler ["http-nio-8080"]
01-Dec-2019 10:17:15.428 INFORMACIÓN [main] org.apache.coyote.AbstractProtocol.start Starting ProtocolHandler ["ajp-nio-8009"]
01-Dec-2019 10:17:15.474 INFORMACIÓN [main] org.apache.catalina.startup.Catalina.start Server startup in 849 ms
01-Dec-2019 10:22:11.675 INFORMACIÓN [main] org.apache.catalina.core.StandardServer.await Se ha recibido un comando de apagado a través del puerto de apagado. Parando la instancia del Servidor.
01-Dec-2019 10:22:11.675 INFORMACIÓN [main] org.apache.coyote.AbstractProtocol.pause Pausing ProtocolHandler ["http-nio-8080"]
01-Dec-2019 10:22:11.681 INFORMACIÓN [main] org.apache.coyote.AbstractProtocol.pause Pausing ProtocolHandler ["ajp-nio-8009"]
01-Dec-2019 10:22:11.687 INFORMACIÓN [main] org.apache.catalina.core.StandardService.stopInternal Parando servicio [Catalina]
01-Dec-2019 10:22:11.722 ADVERTENCIA [localhost-startStop-2] org.apache.catalina.loader.WebappClassLoaderBase.clearReferencesJdbc La aplicación web [SensorMan2] registró el conductor JDBC [org.mariadb.jdbc.Driver] pero falló al anular el registro mientras la aplicación web estaba parada. Para prevenir un fallo de memoria, se ha anulado el registro del conductor JDBC por la fuerza.
01-Dec-2019 10:22:11.730 INFORMACIÓN [main] org.apache.coyote.AbstractProtocol.stop Stopping ProtocolHandler ["http-nio-8080"]
01-Dec-2019 10:22:11.731 INFORMACIÓN [main] org.apache.coyote.AbstractProtocol.stop Stopping ProtocolHandler ["ajp-nio-8009"]
01-Dec-2019 10:22:11.733 INFORMACIÓN [main] org.apache.coyote.AbstractProtocol.destroy Destroying ProtocolHandler ["http-nio-8080"]
01-Dec-2019 10:22:11.734 INFORMACIÓN [main] org.apache.coyote.AbstractProtocol.destroy Destroying ProtocolHandler ["ajp-nio-8009"]
01-Dec-2019 10:27:35.335 INFORMACIÓN [main] org.apache.catalina.startup.VersionLoggerListener.log Nombre de la versión del servidor:   Apache Tomcat/8.5.47

01-Dec-2019 10:27:35.339 INFORMACIÓN [main] org.apache.catalina.startup.VersionLoggerListener.log Server built:          Oct 7 2019 13:30:46 UTC
01-Dec-2019 10:27:35.339 INFORMACIÓN [main] org.apache.catalina.startup.VersionLoggerListener.log Número de versión de servidor:         8.5.47.0
01-Dec-2019 10:27:35.340 INFORMACIÓN [main] org.apache.catalina.startup.VersionLoggerListener.log OS Name:               Linux
01-Dec-2019 10:27:35.340 INFORMACIÓN [main] org.apache.catalina.startup.VersionLoggerListener.log Versión de Systema Operativo:      5.0.0-36-generic

01-Dec-2019 10:27:35.340 INFORMACIÓN [main] org.apache.catalina.startup.VersionLoggerListener.log Arquitectura:          amd64

01-Dec-2019 10:27:35.340 INFORMACIÓN [main] org.apache.catalina.startup.VersionLoggerListener.log Java Home:             /usr/lib/jvm/java-11-openjdk-amd64
01-Dec-2019 10:27:35.340 INFORMACIÓN [main] org.apache.catalina.startup.VersionLoggerListener.log JVM Version:           11.0.4+11-post-Ubuntu-1ubuntu218.04.3
01-Dec-2019 10:27:35.340 INFORMACIÓN [main] org.apache.catalina.startup.VersionLoggerListener.log Vededor JVM:     Ubuntu
01-Dec-2019 10:27:35.340 INFORMACIÓN [main] org.apache.catalina.startup.VersionLoggerListener.log CATALINA_BASE:         /home/fran/Escritorio/DespliegeApp/tomcat/apache-tomcat-8.5.47
01-Dec-2019 10:27:35.341 INFORMACIÓN [main] org.apache.catalina.startup.VersionLoggerListener.log CATALINA_HOME:         /home/fran/Escritorio/DespliegeApp/tomcat/apache-tomcat-8.5.47
01-Dec-2019 10:27:35.342 INFORMACIÓN [main] org.apache.catalina.startup.VersionLoggerListener.log Command line argument: --add-opens=java.base/java.lang=ALL-UNNAMED
01-Dec-2019 10:27:35.342 INFORMACIÓN [main] org.apache.catalina.startup.VersionLoggerListener.log Command line argument: --add-opens=java.base/java.io=ALL-UNNAMED
01-Dec-2019 10:27:35.342 INFORMACIÓN [main] org.apache.catalina.startup.VersionLoggerListener.log Command line argument: --add-opens=java.rmi/sun.rmi.transport=ALL-UNNAMED
01-Dec-2019 10:27:35.342 INFORMACIÓN [main] org.apache.catalina.startup.VersionLoggerListener.log Command line argument: -Djava.util.logging.config.file=/home/fran/Escritorio/DespliegeApp/tomcat/apache-tomcat-8.5.47/conf/logging.properties
01-Dec-2019 10:27:35.342 INFORMACIÓN [main] org.apache.catalina.startup.VersionLoggerListener.log Command line argument: -Djava.util.logging.manager=org.apache.juli.ClassLoaderLogManager
01-Dec-2019 10:27:35.342 INFORMACIÓN [main] org.apache.catalina.startup.VersionLoggerListener.log Command line argument: -Djdk.tls.ephemeralDHKeySize=2048
01-Dec-2019 10:27:35.342 INFORMACIÓN [main] org.apache.catalina.startup.VersionLoggerListener.log Command line argument: -Djava.protocol.handler.pkgs=org.apache.catalina.webresources
01-Dec-2019 10:27:35.343 INFORMACIÓN [main] org.apache.catalina.startup.VersionLoggerListener.log Command line argument: -Dorg.apache.catalina.security.SecurityListener.UMASK=0027
01-Dec-2019 10:27:35.343 INFORMACIÓN [main] org.apache.catalina.startup.VersionLoggerListener.log Command line argument: -Dignore.endorsed.dirs=
01-Dec-2019 10:27:35.343 INFORMACIÓN [main] org.apache.catalina.startup.VersionLoggerListener.log Command line argument: -Dcatalina.base=/home/fran/Escritorio/DespliegeApp/tomcat/apache-tomcat-8.5.47
01-Dec-2019 10:27:35.343 INFORMACIÓN [main] org.apache.catalina.startup.VersionLoggerListener.log Command line argument: -Dcatalina.home=/home/fran/Escritorio/DespliegeApp/tomcat/apache-tomcat-8.5.47
01-Dec-2019 10:27:35.343 INFORMACIÓN [main] org.apache.catalina.startup.VersionLoggerListener.log Command line argument: -Djava.io.tmpdir=/home/fran/Escritorio/DespliegeApp/tomcat/apache-tomcat-8.5.47/temp
01-Dec-2019 10:27:35.343 INFORMACIÓN [main] org.apache.catalina.core.AprLifecycleListener.lifecycleEvent La biblioteca nativa de Apache Tomcat basada en ARP que permite un rendimiento óptimo en entornos de desarrollo no ha sido hallada en java.library.path: [/usr/java/packages/lib:/usr/lib/x86_64-linux-gnu/jni:/lib/x86_64-linux-gnu:/usr/lib/x86_64-linux-gnu:/usr/lib/jni:/lib:/usr/lib]
01-Dec-2019 10:27:35.385 INFORMACIÓN [main] org.apache.coyote.AbstractProtocol.init Inicializando el manejador de protocolo ["http-nio-8080"]

01-Dec-2019 10:27:35.396 INFORMACIÓN [main] org.apache.tomcat.util.net.NioSelectorPool.getSharedSelector Using a shared selector for servlet write/read
01-Dec-2019 10:27:35.409 INFORMACIÓN [main] org.apache.coyote.AbstractProtocol.init Inicializando el manejador de protocolo ["ajp-nio-8009"]

01-Dec-2019 10:27:35.410 INFORMACIÓN [main] org.apache.tomcat.util.net.NioSelectorPool.getSharedSelector Using a shared selector for servlet write/read
01-Dec-2019 10:27:35.411 INFORMACIÓN [main] org.apache.catalina.startup.Catalina.load Initialization processed in 499 ms
01-Dec-2019 10:27:35.460 INFORMACIÓN [main] org.apache.catalina.core.StandardService.startInternal Arrancando servicio [Catalina]
01-Dec-2019 10:27:35.460 INFORMACIÓN [main] org.apache.catalina.core.StandardEngine.startInternal Starting Servlet Engine: Apache Tomcat/8.5.47
01-Dec-2019 10:27:35.479 INFORMACIÓN [localhost-startStop-1] org.apache.catalina.startup.HostConfig.deployWAR Despliegue del archivo [/home/fran/Escritorio/DespliegeApp/tomcat/apache-tomcat-8.5.47/webapps/SensorMan2.war] de la aplicación web
01-Dec-2019 10:27:35.845 INFORMACIÓN [localhost-startStop-1] org.apache.jasper.servlet.TldScanner.scanJars Al menos un JAR, que se ha explorado buscando TLDs, aún no contenía TLDs. Activar historial de depuración para este historiador para una completa lista de los JARs que fueron explorados y de los que nos se halló TLDs. Saltarse JARs no necesarios durante la exploración puede dar lugar a una mejora de tiempo significativa en el arranque y compilación de JSP .
01-Dec-2019 10:27:35.933 INFORMACIÓN [localhost-startStop-1] org.apache.catalina.startup.HostConfig.deployWAR Deployment of web application archive [/home/fran/Escritorio/DespliegeApp/tomcat/apache-tomcat-8.5.47/webapps/SensorMan2.war] has finished in [449] ms
01-Dec-2019 10:27:35.935 INFORMACIÓN [localhost-startStop-1] org.apache.catalina.startup.HostConfig.deployDirectory Desplegando el directorio [/home/fran/Escritorio/DespliegeApp/tomcat/apache-tomcat-8.5.47/webapps/docs] de la aplicación web
01-Dec-2019 10:27:35.958 INFORMACIÓN [localhost-startStop-1] org.apache.catalina.startup.HostConfig.deployDirectory Deployment of web application directory [/home/fran/Escritorio/DespliegeApp/tomcat/apache-tomcat-8.5.47/webapps/docs] has finished in [23] ms
01-Dec-2019 10:27:35.958 INFORMACIÓN [localhost-startStop-1] org.apache.catalina.startup.HostConfig.deployDirectory Desplegando el directorio [/home/fran/Escritorio/DespliegeApp/tomcat/apache-tomcat-8.5.47/webapps/host-manager] de la aplicación web
01-Dec-2019 10:27:35.995 INFORMACIÓN [localhost-startStop-1] org.apache.catalina.startup.HostConfig.deployDirectory Deployment of web application directory [/home/fran/Escritorio/DespliegeApp/tomcat/apache-tomcat-8.5.47/webapps/host-manager] has finished in [37] ms
01-Dec-2019 10:27:35.995 INFORMACIÓN [localhost-startStop-1] org.apache.catalina.startup.HostConfig.deployDirectory Desplegando el directorio [/home/fran/Escritorio/DespliegeApp/tomcat/apache-tomcat-8.5.47/webapps/examples] de la aplicación web
01-Dec-2019 10:27:36.266 INFORMACIÓN [localhost-startStop-1] org.apache.catalina.startup.HostConfig.deployDirectory Deployment of web application directory [/home/fran/Escritorio/DespliegeApp/tomcat/apache-tomcat-8.5.47/webapps/examples] has finished in [271] ms
01-Dec-2019 10:27:36.267 INFORMACIÓN [localhost-startStop-1] org.apache.catalina.startup.HostConfig.deployDirectory Desplegando el directorio [/home/fran/Escritorio/DespliegeApp/tomcat/apache-tomcat-8.5.47/webapps/ROOT] de la aplicación web
01-Dec-2019 10:27:36.300 INFORMACIÓN [localhost-startStop-1] org.apache.catalina.startup.HostConfig.deployDirectory Deployment of web application directory [/home/fran/Escritorio/DespliegeApp/tomcat/apache-tomcat-8.5.47/webapps/ROOT] has finished in [33] ms
01-Dec-2019 10:27:36.300 INFORMACIÓN [localhost-startStop-1] org.apache.catalina.startup.HostConfig.deployDirectory Desplegando el directorio [/home/fran/Escritorio/DespliegeApp/tomcat/apache-tomcat-8.5.47/webapps/manager] de la aplicación web
01-Dec-2019 10:27:36.327 INFORMACIÓN [localhost-startStop-1] org.apache.catalina.startup.HostConfig.deployDirectory Deployment of web application directory [/home/fran/Escritorio/DespliegeApp/tomcat/apache-tomcat-8.5.47/webapps/manager] has finished in [27] ms
01-Dec-2019 10:27:36.332 INFORMACIÓN [main] org.apache.coyote.AbstractProtocol.start Starting ProtocolHandler ["http-nio-8080"]
01-Dec-2019 10:27:36.376 INFORMACIÓN [main] org.apache.coyote.AbstractProtocol.start Starting ProtocolHandler ["ajp-nio-8009"]
01-Dec-2019 10:27:36.445 INFORMACIÓN [main] org.apache.catalina.startup.Catalina.start Server startup in 1033 ms
