NOTE: Picked up JDK_JAVA_OPTIONS:  --add-opens=java.base/java.lang=ALL-UNNAMED --add-opens=java.base/java.io=ALL-UNNAMED --add-opens=java.rmi/sun.rmi.transport=ALL-UNNAMED
30-Nov-2019 12:40:58.715 INFORMACIÓN [main] org.apache.catalina.startup.VersionLoggerListener.log Nombre de la versión del servidor:   Apache Tomcat/8.5.47

30-Nov-2019 12:40:58.719 INFORMACIÓN [main] org.apache.catalina.startup.VersionLoggerListener.log Server built:          Oct 7 2019 13:30:46 UTC
30-Nov-2019 12:40:58.719 INFORMACIÓN [main] org.apache.catalina.startup.VersionLoggerListener.log Número de versión de servidor:         8.5.47.0
30-Nov-2019 12:40:58.719 INFORMACIÓN [main] org.apache.catalina.startup.VersionLoggerListener.log OS Name:               Linux
30-Nov-2019 12:40:58.719 INFORMACIÓN [main] org.apache.catalina.startup.VersionLoggerListener.log Versión de Systema Operativo:      5.0.0-36-generic

30-Nov-2019 12:40:58.719 INFORMACIÓN [main] org.apache.catalina.startup.VersionLoggerListener.log Arquitectura:          amd64

30-Nov-2019 12:40:58.719 INFORMACIÓN [main] org.apache.catalina.startup.VersionLoggerListener.log Java Home:             /usr/lib/jvm/java-11-openjdk-amd64
30-Nov-2019 12:40:58.719 INFORMACIÓN [main] org.apache.catalina.startup.VersionLoggerListener.log JVM Version:           11.0.4+11-post-Ubuntu-1ubuntu218.04.3
30-Nov-2019 12:40:58.719 INFORMACIÓN [main] org.apache.catalina.startup.VersionLoggerListener.log Vededor JVM:     Ubuntu
30-Nov-2019 12:40:58.719 INFORMACIÓN [main] org.apache.catalina.startup.VersionLoggerListener.log CATALINA_BASE:         /home/fran/Escritorio/DespliegeApp/tomcat/apache-tomcat-8.5.47
30-Nov-2019 12:40:58.720 INFORMACIÓN [main] org.apache.catalina.startup.VersionLoggerListener.log CATALINA_HOME:         /home/fran/Escritorio/DespliegeApp/tomcat/apache-tomcat-8.5.47
30-Nov-2019 12:40:58.721 INFORMACIÓN [main] org.apache.catalina.startup.VersionLoggerListener.log Command line argument: --add-opens=java.base/java.lang=ALL-UNNAMED
30-Nov-2019 12:40:58.721 INFORMACIÓN [main] org.apache.catalina.startup.VersionLoggerListener.log Command line argument: --add-opens=java.base/java.io=ALL-UNNAMED
30-Nov-2019 12:40:58.721 INFORMACIÓN [main] org.apache.catalina.startup.VersionLoggerListener.log Command line argument: --add-opens=java.rmi/sun.rmi.transport=ALL-UNNAMED
30-Nov-2019 12:40:58.721 INFORMACIÓN [main] org.apache.catalina.startup.VersionLoggerListener.log Command line argument: -Djava.util.logging.config.file=/home/fran/Escritorio/DespliegeApp/tomcat/apache-tomcat-8.5.47/conf/logging.properties
30-Nov-2019 12:40:58.721 INFORMACIÓN [main] org.apache.catalina.startup.VersionLoggerListener.log Command line argument: -Djava.util.logging.manager=org.apache.juli.ClassLoaderLogManager
30-Nov-2019 12:40:58.721 INFORMACIÓN [main] org.apache.catalina.startup.VersionLoggerListener.log Command line argument: -Djdk.tls.ephemeralDHKeySize=2048
30-Nov-2019 12:40:58.721 INFORMACIÓN [main] org.apache.catalina.startup.VersionLoggerListener.log Command line argument: -Djava.protocol.handler.pkgs=org.apache.catalina.webresources
30-Nov-2019 12:40:58.721 INFORMACIÓN [main] org.apache.catalina.startup.VersionLoggerListener.log Command line argument: -Dorg.apache.catalina.security.SecurityListener.UMASK=0027
30-Nov-2019 12:40:58.722 INFORMACIÓN [main] org.apache.catalina.startup.VersionLoggerListener.log Command line argument: -Dignore.endorsed.dirs=
30-Nov-2019 12:40:58.722 INFORMACIÓN [main] org.apache.catalina.startup.VersionLoggerListener.log Command line argument: -Dcatalina.base=/home/fran/Escritorio/DespliegeApp/tomcat/apache-tomcat-8.5.47
30-Nov-2019 12:40:58.722 INFORMACIÓN [main] org.apache.catalina.startup.VersionLoggerListener.log Command line argument: -Dcatalina.home=/home/fran/Escritorio/DespliegeApp/tomcat/apache-tomcat-8.5.47
30-Nov-2019 12:40:58.722 INFORMACIÓN [main] org.apache.catalina.startup.VersionLoggerListener.log Command line argument: -Djava.io.tmpdir=/home/fran/Escritorio/DespliegeApp/tomcat/apache-tomcat-8.5.47/temp
30-Nov-2019 12:40:58.722 INFORMACIÓN [main] org.apache.catalina.core.AprLifecycleListener.lifecycleEvent La biblioteca nativa de Apache Tomcat basada en ARP que permite un rendimiento óptimo en entornos de desarrollo no ha sido hallada en java.library.path: [/usr/java/packages/lib:/usr/lib/x86_64-linux-gnu/jni:/lib/x86_64-linux-gnu:/usr/lib/x86_64-linux-gnu:/usr/lib/jni:/lib:/usr/lib]
30-Nov-2019 12:40:58.763 INFORMACIÓN [main] org.apache.coyote.AbstractProtocol.init Inicializando el manejador de protocolo ["http-nio-8080"]

30-Nov-2019 12:40:58.772 GRAVE [main] org.apache.catalina.core.StandardService.initInternal No pude inicializar el conector [Connector[HTTP/1.1-8080]]
	org.apache.catalina.LifecycleException: Falló la inicialización del manejador de protocolo
		at org.apache.catalina.connector.Connector.initInternal(Connector.java:995)
		at org.apache.catalina.util.LifecycleBase.init(LifecycleBase.java:136)
		at org.apache.catalina.core.StandardService.initInternal(StandardService.java:552)
		at org.apache.catalina.util.LifecycleBase.init(LifecycleBase.java:136)
		at org.apache.catalina.core.StandardServer.initInternal(StandardServer.java:848)
		at org.apache.catalina.util.LifecycleBase.init(LifecycleBase.java:136)
		at org.apache.catalina.startup.Catalina.load(Catalina.java:639)
		at org.apache.catalina.startup.Catalina.load(Catalina.java:662)
		at java.base/jdk.internal.reflect.NativeMethodAccessorImpl.invoke0(Native Method)
		at java.base/jdk.internal.reflect.NativeMethodAccessorImpl.invoke(NativeMethodAccessorImpl.java:62)
		at java.base/jdk.internal.reflect.DelegatingMethodAccessorImpl.invoke(DelegatingMethodAccessorImpl.java:43)
		at java.base/java.lang.reflect.Method.invoke(Method.java:566)
		at org.apache.catalina.startup.Bootstrap.load(Bootstrap.java:309)
		at org.apache.catalina.startup.Bootstrap.main(Bootstrap.java:492)
	Caused by: java.net.BindException: La dirección ya se está usando
		at java.base/sun.nio.ch.Net.bind0(Native Method)
		at java.base/sun.nio.ch.Net.bind(Net.java:461)
		at java.base/sun.nio.ch.Net.bind(Net.java:453)
		at java.base/sun.nio.ch.ServerSocketChannelImpl.bind(ServerSocketChannelImpl.java:227)
		at java.base/sun.nio.ch.ServerSocketAdaptor.bind(ServerSocketAdaptor.java:80)
		at org.apache.tomcat.util.net.NioEndpoint.bind(NioEndpoint.java:219)
		at org.apache.tomcat.util.net.AbstractEndpoint.init(AbstractEndpoint.java:1118)
		at org.apache.tomcat.util.net.AbstractJsseEndpoint.init(AbstractJsseEndpoint.java:224)
		at org.apache.coyote.AbstractProtocol.init(AbstractProtocol.java:581)
		at org.apache.coyote.http11.AbstractHttp11Protocol.init(AbstractHttp11Protocol.java:68)
		at org.apache.catalina.connector.Connector.initInternal(Connector.java:993)
		... 13 more
30-Nov-2019 12:40:58.774 INFORMACIÓN [main] org.apache.coyote.AbstractProtocol.init Inicializando el manejador de protocolo ["ajp-nio-8009"]

30-Nov-2019 12:40:58.775 GRAVE [main] org.apache.catalina.core.StandardService.initInternal No pude inicializar el conector [Connector[AJP/1.3-8009]]
	org.apache.catalina.LifecycleException: Falló la inicialización del manejador de protocolo
		at org.apache.catalina.connector.Connector.initInternal(Connector.java:995)
		at org.apache.catalina.util.LifecycleBase.init(LifecycleBase.java:136)
		at org.apache.catalina.core.StandardService.initInternal(StandardService.java:552)
		at org.apache.catalina.util.LifecycleBase.init(LifecycleBase.java:136)
		at org.apache.catalina.core.StandardServer.initInternal(StandardServer.java:848)
		at org.apache.catalina.util.LifecycleBase.init(LifecycleBase.java:136)
		at org.apache.catalina.startup.Catalina.load(Catalina.java:639)
		at org.apache.catalina.startup.Catalina.load(Catalina.java:662)
		at java.base/jdk.internal.reflect.NativeMethodAccessorImpl.invoke0(Native Method)
		at java.base/jdk.internal.reflect.NativeMethodAccessorImpl.invoke(NativeMethodAccessorImpl.java:62)
		at java.base/jdk.internal.reflect.DelegatingMethodAccessorImpl.invoke(DelegatingMethodAccessorImpl.java:43)
		at java.base/java.lang.reflect.Method.invoke(Method.java:566)
		at org.apache.catalina.startup.Bootstrap.load(Bootstrap.java:309)
		at org.apache.catalina.startup.Bootstrap.main(Bootstrap.java:492)
	Caused by: java.net.BindException: La dirección ya se está usando
		at java.base/sun.nio.ch.Net.bind0(Native Method)
		at java.base/sun.nio.ch.Net.bind(Net.java:461)
		at java.base/sun.nio.ch.Net.bind(Net.java:453)
		at java.base/sun.nio.ch.ServerSocketChannelImpl.bind(ServerSocketChannelImpl.java:227)
		at java.base/sun.nio.ch.ServerSocketAdaptor.bind(ServerSocketAdaptor.java:80)
		at org.apache.tomcat.util.net.NioEndpoint.bind(NioEndpoint.java:219)
		at org.apache.tomcat.util.net.AbstractEndpoint.init(AbstractEndpoint.java:1118)
		at org.apache.tomcat.util.net.AbstractJsseEndpoint.init(AbstractJsseEndpoint.java:224)
		at org.apache.coyote.AbstractProtocol.init(AbstractProtocol.java:581)
		at org.apache.catalina.connector.Connector.initInternal(Connector.java:993)
		... 13 more
30-Nov-2019 12:40:58.776 INFORMACIÓN [main] org.apache.catalina.startup.Catalina.load Initialization processed in 360 ms
30-Nov-2019 12:40:58.819 INFORMACIÓN [main] org.apache.catalina.core.StandardService.startInternal Arrancando servicio [Catalina]
30-Nov-2019 12:40:58.819 INFORMACIÓN [main] org.apache.catalina.core.StandardEngine.startInternal Starting Servlet Engine: Apache Tomcat/8.5.47
30-Nov-2019 12:40:58.833 INFORMACIÓN [localhost-startStop-1] org.apache.catalina.startup.HostConfig.deployWAR Despliegue del archivo [/home/fran/Escritorio/DespliegeApp/tomcat/apache-tomcat-8.5.47/webapps/SensorMan2.war] de la aplicación web
30-Nov-2019 12:40:59.145 INFORMACIÓN [localhost-startStop-1] org.apache.jasper.servlet.TldScanner.scanJars Al menos un JAR, que se ha explorado buscando TLDs, aún no contenía TLDs. Activar historial de depuración para este historiador para una completa lista de los JARs que fueron explorados y de los que nos se halló TLDs. Saltarse JARs no necesarios durante la exploración puede dar lugar a una mejora de tiempo significativa en el arranque y compilación de JSP .
30-Nov-2019 12:40:59.193 INFORMACIÓN [localhost-startStop-1] org.apache.catalina.startup.HostConfig.deployWAR Deployment of web application archive [/home/fran/Escritorio/DespliegeApp/tomcat/apache-tomcat-8.5.47/webapps/SensorMan2.war] has finished in [358] ms
30-Nov-2019 12:40:59.194 INFORMACIÓN [localhost-startStop-1] org.apache.catalina.startup.HostConfig.deployDirectory Desplegando el directorio [/home/fran/Escritorio/DespliegeApp/tomcat/apache-tomcat-8.5.47/webapps/docs] de la aplicación web
30-Nov-2019 12:40:59.211 INFORMACIÓN [localhost-startStop-1] org.apache.catalina.startup.HostConfig.deployDirectory Deployment of web application directory [/home/fran/Escritorio/DespliegeApp/tomcat/apache-tomcat-8.5.47/webapps/docs] has finished in [17] ms
30-Nov-2019 12:40:59.211 INFORMACIÓN [localhost-startStop-1] org.apache.catalina.startup.HostConfig.deployDirectory Desplegando el directorio [/home/fran/Escritorio/DespliegeApp/tomcat/apache-tomcat-8.5.47/webapps/host-manager] de la aplicación web
30-Nov-2019 12:40:59.242 INFORMACIÓN [localhost-startStop-1] org.apache.catalina.startup.HostConfig.deployDirectory Deployment of web application directory [/home/fran/Escritorio/DespliegeApp/tomcat/apache-tomcat-8.5.47/webapps/host-manager] has finished in [31] ms
30-Nov-2019 12:40:59.243 INFORMACIÓN [localhost-startStop-1] org.apache.catalina.startup.HostConfig.deployDirectory Desplegando el directorio [/home/fran/Escritorio/DespliegeApp/tomcat/apache-tomcat-8.5.47/webapps/examples] de la aplicación web
30-Nov-2019 12:40:59.395 INFORMACIÓN [localhost-startStop-1] org.apache.catalina.startup.HostConfig.deployDirectory Deployment of web application directory [/home/fran/Escritorio/DespliegeApp/tomcat/apache-tomcat-8.5.47/webapps/examples] has finished in [151] ms
30-Nov-2019 12:40:59.395 INFORMACIÓN [localhost-startStop-1] org.apache.catalina.startup.HostConfig.deployDirectory Desplegando el directorio [/home/fran/Escritorio/DespliegeApp/tomcat/apache-tomcat-8.5.47/webapps/ROOT] de la aplicación web
30-Nov-2019 12:40:59.410 INFORMACIÓN [localhost-startStop-1] org.apache.catalina.startup.HostConfig.deployDirectory Deployment of web application directory [/home/fran/Escritorio/DespliegeApp/tomcat/apache-tomcat-8.5.47/webapps/ROOT] has finished in [15] ms
30-Nov-2019 12:40:59.410 INFORMACIÓN [localhost-startStop-1] org.apache.catalina.startup.HostConfig.deployDirectory Desplegando el directorio [/home/fran/Escritorio/DespliegeApp/tomcat/apache-tomcat-8.5.47/webapps/manager] de la aplicación web
30-Nov-2019 12:40:59.443 INFORMACIÓN [localhost-startStop-1] org.apache.catalina.startup.HostConfig.deployDirectory Deployment of web application directory [/home/fran/Escritorio/DespliegeApp/tomcat/apache-tomcat-8.5.47/webapps/manager] has finished in [33] ms
30-Nov-2019 12:40:59.446 INFORMACIÓN [main] org.apache.catalina.startup.Catalina.start Server startup in 670 ms
30-Nov-2019 12:40:59.448 GRAVE [main] org.apache.catalina.core.StandardServer.await StandardServer.await: create[localhost:8005]: 
	java.net.BindException: La dirección ya se está usando (Bind failed)
		at java.base/java.net.PlainSocketImpl.socketBind(Native Method)
		at java.base/java.net.AbstractPlainSocketImpl.bind(AbstractPlainSocketImpl.java:436)
		at java.base/java.net.ServerSocket.bind(ServerSocket.java:381)
		at java.base/java.net.ServerSocket.<init>(ServerSocket.java:243)
		at org.apache.catalina.core.StandardServer.await(StandardServer.java:421)
		at org.apache.catalina.startup.Catalina.await(Catalina.java:776)
		at org.apache.catalina.startup.Catalina.start(Catalina.java:722)
		at java.base/jdk.internal.reflect.NativeMethodAccessorImpl.invoke0(Native Method)
		at java.base/jdk.internal.reflect.NativeMethodAccessorImpl.invoke(NativeMethodAccessorImpl.java:62)
		at java.base/jdk.internal.reflect.DelegatingMethodAccessorImpl.invoke(DelegatingMethodAccessorImpl.java:43)
		at java.base/java.lang.reflect.Method.invoke(Method.java:566)
		at org.apache.catalina.startup.Bootstrap.start(Bootstrap.java:353)
		at org.apache.catalina.startup.Bootstrap.main(Bootstrap.java:493)
30-Nov-2019 12:40:59.449 INFORMACIÓN [main] org.apache.coyote.AbstractProtocol.pause Pausing ProtocolHandler ["http-nio-8080"]
30-Nov-2019 12:40:59.449 INFORMACIÓN [main] org.apache.coyote.AbstractProtocol.pause Pausing ProtocolHandler ["ajp-nio-8009"]
30-Nov-2019 12:40:59.449 INFORMACIÓN [main] org.apache.catalina.core.StandardService.stopInternal Parando servicio [Catalina]
30-Nov-2019 12:40:59.471 INFORMACIÓN [main] org.apache.coyote.AbstractProtocol.stop Stopping ProtocolHandler ["http-nio-8080"]
30-Nov-2019 12:40:59.471 INFORMACIÓN [main] org.apache.coyote.AbstractProtocol.destroy Destroying ProtocolHandler ["http-nio-8080"]
30-Nov-2019 12:40:59.471 INFORMACIÓN [main] org.apache.coyote.AbstractProtocol.stop Stopping ProtocolHandler ["ajp-nio-8009"]
30-Nov-2019 12:40:59.471 INFORMACIÓN [main] org.apache.coyote.AbstractProtocol.destroy Destroying ProtocolHandler ["ajp-nio-8009"]
NOTE: Picked up JDK_JAVA_OPTIONS:  --add-opens=java.base/java.lang=ALL-UNNAMED --add-opens=java.base/java.io=ALL-UNNAMED --add-opens=java.rmi/sun.rmi.transport=ALL-UNNAMED
30-Nov-2019 12:41:57.842 INFORMACIÓN [main] org.apache.catalina.startup.VersionLoggerListener.log Nombre de la versión del servidor:   Apache Tomcat/8.5.47

30-Nov-2019 12:41:57.845 INFORMACIÓN [main] org.apache.catalina.startup.VersionLoggerListener.log Server built:          Oct 7 2019 13:30:46 UTC
30-Nov-2019 12:41:57.846 INFORMACIÓN [main] org.apache.catalina.startup.VersionLoggerListener.log Número de versión de servidor:         8.5.47.0
30-Nov-2019 12:41:57.846 INFORMACIÓN [main] org.apache.catalina.startup.VersionLoggerListener.log OS Name:               Linux
30-Nov-2019 12:41:57.846 INFORMACIÓN [main] org.apache.catalina.startup.VersionLoggerListener.log Versión de Systema Operativo:      5.0.0-36-generic

30-Nov-2019 12:41:57.846 INFORMACIÓN [main] org.apache.catalina.startup.VersionLoggerListener.log Arquitectura:          amd64

30-Nov-2019 12:41:57.846 INFORMACIÓN [main] org.apache.catalina.startup.VersionLoggerListener.log Java Home:             /usr/lib/jvm/java-11-openjdk-amd64
30-Nov-2019 12:41:57.846 INFORMACIÓN [main] org.apache.catalina.startup.VersionLoggerListener.log JVM Version:           11.0.4+11-post-Ubuntu-1ubuntu218.04.3
30-Nov-2019 12:41:57.846 INFORMACIÓN [main] org.apache.catalina.startup.VersionLoggerListener.log Vededor JVM:     Ubuntu
30-Nov-2019 12:41:57.846 INFORMACIÓN [main] org.apache.catalina.startup.VersionLoggerListener.log CATALINA_BASE:         /home/fran/Escritorio/DespliegeApp/tomcat/apache-tomcat-8.5.47
30-Nov-2019 12:41:57.846 INFORMACIÓN [main] org.apache.catalina.startup.VersionLoggerListener.log CATALINA_HOME:         /home/fran/Escritorio/DespliegeApp/tomcat/apache-tomcat-8.5.47
30-Nov-2019 12:41:57.847 INFORMACIÓN [main] org.apache.catalina.startup.VersionLoggerListener.log Command line argument: --add-opens=java.base/java.lang=ALL-UNNAMED
30-Nov-2019 12:41:57.848 INFORMACIÓN [main] org.apache.catalina.startup.VersionLoggerListener.log Command line argument: --add-opens=java.base/java.io=ALL-UNNAMED
30-Nov-2019 12:41:57.848 INFORMACIÓN [main] org.apache.catalina.startup.VersionLoggerListener.log Command line argument: --add-opens=java.rmi/sun.rmi.transport=ALL-UNNAMED
30-Nov-2019 12:41:57.848 INFORMACIÓN [main] org.apache.catalina.startup.VersionLoggerListener.log Command line argument: -Djava.util.logging.config.file=/home/fran/Escritorio/DespliegeApp/tomcat/apache-tomcat-8.5.47/conf/logging.properties
30-Nov-2019 12:41:57.848 INFORMACIÓN [main] org.apache.catalina.startup.VersionLoggerListener.log Command line argument: -Djava.util.logging.manager=org.apache.juli.ClassLoaderLogManager
30-Nov-2019 12:41:57.848 INFORMACIÓN [main] org.apache.catalina.startup.VersionLoggerListener.log Command line argument: -Djdk.tls.ephemeralDHKeySize=2048
30-Nov-2019 12:41:57.848 INFORMACIÓN [main] org.apache.catalina.startup.VersionLoggerListener.log Command line argument: -Djava.protocol.handler.pkgs=org.apache.catalina.webresources
30-Nov-2019 12:41:57.848 INFORMACIÓN [main] org.apache.catalina.startup.VersionLoggerListener.log Command line argument: -Dorg.apache.catalina.security.SecurityListener.UMASK=0027
30-Nov-2019 12:41:57.848 INFORMACIÓN [main] org.apache.catalina.startup.VersionLoggerListener.log Command line argument: -Dignore.endorsed.dirs=
30-Nov-2019 12:41:57.848 INFORMACIÓN [main] org.apache.catalina.startup.VersionLoggerListener.log Command line argument: -Dcatalina.base=/home/fran/Escritorio/DespliegeApp/tomcat/apache-tomcat-8.5.47
30-Nov-2019 12:41:57.848 INFORMACIÓN [main] org.apache.catalina.startup.VersionLoggerListener.log Command line argument: -Dcatalina.home=/home/fran/Escritorio/DespliegeApp/tomcat/apache-tomcat-8.5.47
30-Nov-2019 12:41:57.848 INFORMACIÓN [main] org.apache.catalina.startup.VersionLoggerListener.log Command line argument: -Djava.io.tmpdir=/home/fran/Escritorio/DespliegeApp/tomcat/apache-tomcat-8.5.47/temp
30-Nov-2019 12:41:57.849 INFORMACIÓN [main] org.apache.catalina.core.AprLifecycleListener.lifecycleEvent La biblioteca nativa de Apache Tomcat basada en ARP que permite un rendimiento óptimo en entornos de desarrollo no ha sido hallada en java.library.path: [/usr/java/packages/lib:/usr/lib/x86_64-linux-gnu/jni:/lib/x86_64-linux-gnu:/usr/lib/x86_64-linux-gnu:/usr/lib/jni:/lib:/usr/lib]
30-Nov-2019 12:41:57.885 INFORMACIÓN [main] org.apache.coyote.AbstractProtocol.init Inicializando el manejador de protocolo ["http-nio-8080"]

30-Nov-2019 12:41:57.893 GRAVE [main] org.apache.catalina.core.StandardService.initInternal No pude inicializar el conector [Connector[HTTP/1.1-8080]]
	org.apache.catalina.LifecycleException: Falló la inicialización del manejador de protocolo
		at org.apache.catalina.connector.Connector.initInternal(Connector.java:995)
		at org.apache.catalina.util.LifecycleBase.init(LifecycleBase.java:136)
		at org.apache.catalina.core.StandardService.initInternal(StandardService.java:552)
		at org.apache.catalina.util.LifecycleBase.init(LifecycleBase.java:136)
		at org.apache.catalina.core.StandardServer.initInternal(StandardServer.java:848)
		at org.apache.catalina.util.LifecycleBase.init(LifecycleBase.java:136)
		at org.apache.catalina.startup.Catalina.load(Catalina.java:639)
		at org.apache.catalina.startup.Catalina.load(Catalina.java:662)
		at java.base/jdk.internal.reflect.NativeMethodAccessorImpl.invoke0(Native Method)
		at java.base/jdk.internal.reflect.NativeMethodAccessorImpl.invoke(NativeMethodAccessorImpl.java:62)
		at java.base/jdk.internal.reflect.DelegatingMethodAccessorImpl.invoke(DelegatingMethodAccessorImpl.java:43)
		at java.base/java.lang.reflect.Method.invoke(Method.java:566)
		at org.apache.catalina.startup.Bootstrap.load(Bootstrap.java:309)
		at org.apache.catalina.startup.Bootstrap.main(Bootstrap.java:492)
	Caused by: java.net.BindException: La dirección ya se está usando
		at java.base/sun.nio.ch.Net.bind0(Native Method)
		at java.base/sun.nio.ch.Net.bind(Net.java:461)
		at java.base/sun.nio.ch.Net.bind(Net.java:453)
		at java.base/sun.nio.ch.ServerSocketChannelImpl.bind(ServerSocketChannelImpl.java:227)
		at java.base/sun.nio.ch.ServerSocketAdaptor.bind(ServerSocketAdaptor.java:80)
		at org.apache.tomcat.util.net.NioEndpoint.bind(NioEndpoint.java:219)
		at org.apache.tomcat.util.net.AbstractEndpoint.init(AbstractEndpoint.java:1118)
		at org.apache.tomcat.util.net.AbstractJsseEndpoint.init(AbstractJsseEndpoint.java:224)
		at org.apache.coyote.AbstractProtocol.init(AbstractProtocol.java:581)
		at org.apache.coyote.http11.AbstractHttp11Protocol.init(AbstractHttp11Protocol.java:68)
		at org.apache.catalina.connector.Connector.initInternal(Connector.java:993)
		... 13 more
30-Nov-2019 12:41:57.894 INFORMACIÓN [main] org.apache.coyote.AbstractProtocol.init Inicializando el manejador de protocolo ["ajp-nio-8009"]

30-Nov-2019 12:41:57.896 GRAVE [main] org.apache.catalina.core.StandardService.initInternal No pude inicializar el conector [Connector[AJP/1.3-8009]]
	org.apache.catalina.LifecycleException: Falló la inicialización del manejador de protocolo
		at org.apache.catalina.connector.Connector.initInternal(Connector.java:995)
		at org.apache.catalina.util.LifecycleBase.init(LifecycleBase.java:136)
		at org.apache.catalina.core.StandardService.initInternal(StandardService.java:552)
		at org.apache.catalina.util.LifecycleBase.init(LifecycleBase.java:136)
		at org.apache.catalina.core.StandardServer.initInternal(StandardServer.java:848)
		at org.apache.catalina.util.LifecycleBase.init(LifecycleBase.java:136)
		at org.apache.catalina.startup.Catalina.load(Catalina.java:639)
		at org.apache.catalina.startup.Catalina.load(Catalina.java:662)
		at java.base/jdk.internal.reflect.NativeMethodAccessorImpl.invoke0(Native Method)
		at java.base/jdk.internal.reflect.NativeMethodAccessorImpl.invoke(NativeMethodAccessorImpl.java:62)
		at java.base/jdk.internal.reflect.DelegatingMethodAccessorImpl.invoke(DelegatingMethodAccessorImpl.java:43)
		at java.base/java.lang.reflect.Method.invoke(Method.java:566)
		at org.apache.catalina.startup.Bootstrap.load(Bootstrap.java:309)
		at org.apache.catalina.startup.Bootstrap.main(Bootstrap.java:492)
	Caused by: java.net.BindException: La dirección ya se está usando
		at java.base/sun.nio.ch.Net.bind0(Native Method)
		at java.base/sun.nio.ch.Net.bind(Net.java:461)
		at java.base/sun.nio.ch.Net.bind(Net.java:453)
		at java.base/sun.nio.ch.ServerSocketChannelImpl.bind(ServerSocketChannelImpl.java:227)
		at java.base/sun.nio.ch.ServerSocketAdaptor.bind(ServerSocketAdaptor.java:80)
		at org.apache.tomcat.util.net.NioEndpoint.bind(NioEndpoint.java:219)
		at org.apache.tomcat.util.net.AbstractEndpoint.init(AbstractEndpoint.java:1118)
		at org.apache.tomcat.util.net.AbstractJsseEndpoint.init(AbstractJsseEndpoint.java:224)
		at org.apache.coyote.AbstractProtocol.init(AbstractProtocol.java:581)
		at org.apache.catalina.connector.Connector.initInternal(Connector.java:993)
		... 13 more
30-Nov-2019 12:41:57.896 INFORMACIÓN [main] org.apache.catalina.startup.Catalina.load Initialization processed in 399 ms
30-Nov-2019 12:41:57.933 INFORMACIÓN [main] org.apache.catalina.core.StandardService.startInternal Arrancando servicio [Catalina]
30-Nov-2019 12:41:57.933 INFORMACIÓN [main] org.apache.catalina.core.StandardEngine.startInternal Starting Servlet Engine: Apache Tomcat/8.5.47
30-Nov-2019 12:41:57.947 INFORMACIÓN [localhost-startStop-1] org.apache.catalina.startup.HostConfig.deployWAR Despliegue del archivo [/home/fran/Escritorio/DespliegeApp/tomcat/apache-tomcat-8.5.47/webapps/SensorMan2.war] de la aplicación web
30-Nov-2019 12:41:58.210 INFORMACIÓN [localhost-startStop-1] org.apache.jasper.servlet.TldScanner.scanJars Al menos un JAR, que se ha explorado buscando TLDs, aún no contenía TLDs. Activar historial de depuración para este historiador para una completa lista de los JARs que fueron explorados y de los que nos se halló TLDs. Saltarse JARs no necesarios durante la exploración puede dar lugar a una mejora de tiempo significativa en el arranque y compilación de JSP .
30-Nov-2019 12:41:58.249 INFORMACIÓN [localhost-startStop-1] org.apache.catalina.startup.HostConfig.deployWAR Deployment of web application archive [/home/fran/Escritorio/DespliegeApp/tomcat/apache-tomcat-8.5.47/webapps/SensorMan2.war] has finished in [301] ms
30-Nov-2019 12:41:58.250 INFORMACIÓN [localhost-startStop-1] org.apache.catalina.startup.HostConfig.deployDirectory Desplegando el directorio [/home/fran/Escritorio/DespliegeApp/tomcat/apache-tomcat-8.5.47/webapps/docs] de la aplicación web
30-Nov-2019 12:41:58.262 INFORMACIÓN [localhost-startStop-1] org.apache.catalina.startup.HostConfig.deployDirectory Deployment of web application directory [/home/fran/Escritorio/DespliegeApp/tomcat/apache-tomcat-8.5.47/webapps/docs] has finished in [12] ms
30-Nov-2019 12:41:58.263 INFORMACIÓN [localhost-startStop-1] org.apache.catalina.startup.HostConfig.deployDirectory Desplegando el directorio [/home/fran/Escritorio/DespliegeApp/tomcat/apache-tomcat-8.5.47/webapps/host-manager] de la aplicación web
30-Nov-2019 12:41:58.284 INFORMACIÓN [localhost-startStop-1] org.apache.catalina.startup.HostConfig.deployDirectory Deployment of web application directory [/home/fran/Escritorio/DespliegeApp/tomcat/apache-tomcat-8.5.47/webapps/host-manager] has finished in [20] ms
30-Nov-2019 12:41:58.284 INFORMACIÓN [localhost-startStop-1] org.apache.catalina.startup.HostConfig.deployDirectory Desplegando el directorio [/home/fran/Escritorio/DespliegeApp/tomcat/apache-tomcat-8.5.47/webapps/examples] de la aplicación web
30-Nov-2019 12:41:58.409 INFORMACIÓN [localhost-startStop-1] org.apache.catalina.startup.HostConfig.deployDirectory Deployment of web application directory [/home/fran/Escritorio/DespliegeApp/tomcat/apache-tomcat-8.5.47/webapps/examples] has finished in [124] ms
30-Nov-2019 12:41:58.409 INFORMACIÓN [localhost-startStop-1] org.apache.catalina.startup.HostConfig.deployDirectory Desplegando el directorio [/home/fran/Escritorio/DespliegeApp/tomcat/apache-tomcat-8.5.47/webapps/ROOT] de la aplicación web
30-Nov-2019 12:41:58.427 INFORMACIÓN [localhost-startStop-1] org.apache.catalina.startup.HostConfig.deployDirectory Deployment of web application directory [/home/fran/Escritorio/DespliegeApp/tomcat/apache-tomcat-8.5.47/webapps/ROOT] has finished in [18] ms
30-Nov-2019 12:41:58.427 INFORMACIÓN [localhost-startStop-1] org.apache.catalina.startup.HostConfig.deployDirectory Desplegando el directorio [/home/fran/Escritorio/DespliegeApp/tomcat/apache-tomcat-8.5.47/webapps/manager] de la aplicación web
30-Nov-2019 12:41:58.447 INFORMACIÓN [localhost-startStop-1] org.apache.catalina.startup.HostConfig.deployDirectory Deployment of web application directory [/home/fran/Escritorio/DespliegeApp/tomcat/apache-tomcat-8.5.47/webapps/manager] has finished in [19] ms
30-Nov-2019 12:41:58.453 INFORMACIÓN [main] org.apache.catalina.startup.Catalina.start Server startup in 556 ms
30-Nov-2019 12:41:58.455 GRAVE [main] org.apache.catalina.core.StandardServer.await StandardServer.await: create[localhost:8005]: 
	java.net.BindException: La dirección ya se está usando (Bind failed)
		at java.base/java.net.PlainSocketImpl.socketBind(Native Method)
		at java.base/java.net.AbstractPlainSocketImpl.bind(AbstractPlainSocketImpl.java:436)
		at java.base/java.net.ServerSocket.bind(ServerSocket.java:381)
		at java.base/java.net.ServerSocket.<init>(ServerSocket.java:243)
		at org.apache.catalina.core.StandardServer.await(StandardServer.java:421)
		at org.apache.catalina.startup.Catalina.await(Catalina.java:776)
		at org.apache.catalina.startup.Catalina.start(Catalina.java:722)
		at java.base/jdk.internal.reflect.NativeMethodAccessorImpl.invoke0(Native Method)
		at java.base/jdk.internal.reflect.NativeMethodAccessorImpl.invoke(NativeMethodAccessorImpl.java:62)
		at java.base/jdk.internal.reflect.DelegatingMethodAccessorImpl.invoke(DelegatingMethodAccessorImpl.java:43)
		at java.base/java.lang.reflect.Method.invoke(Method.java:566)
		at org.apache.catalina.startup.Bootstrap.start(Bootstrap.java:353)
		at org.apache.catalina.startup.Bootstrap.main(Bootstrap.java:493)
30-Nov-2019 12:41:58.455 INFORMACIÓN [main] org.apache.coyote.AbstractProtocol.pause Pausing ProtocolHandler ["http-nio-8080"]
30-Nov-2019 12:41:58.455 INFORMACIÓN [main] org.apache.coyote.AbstractProtocol.pause Pausing ProtocolHandler ["ajp-nio-8009"]
30-Nov-2019 12:41:58.456 INFORMACIÓN [main] org.apache.catalina.core.StandardService.stopInternal Parando servicio [Catalina]
30-Nov-2019 12:41:58.486 INFORMACIÓN [main] org.apache.coyote.AbstractProtocol.stop Stopping ProtocolHandler ["http-nio-8080"]
30-Nov-2019 12:41:58.486 INFORMACIÓN [main] org.apache.coyote.AbstractProtocol.destroy Destroying ProtocolHandler ["http-nio-8080"]
30-Nov-2019 12:41:58.487 INFORMACIÓN [main] org.apache.coyote.AbstractProtocol.stop Stopping ProtocolHandler ["ajp-nio-8009"]
30-Nov-2019 12:41:58.487 INFORMACIÓN [main] org.apache.coyote.AbstractProtocol.destroy Destroying ProtocolHandler ["ajp-nio-8009"]
NOTE: Picked up JDK_JAVA_OPTIONS:  --add-opens=java.base/java.lang=ALL-UNNAMED --add-opens=java.base/java.io=ALL-UNNAMED --add-opens=java.rmi/sun.rmi.transport=ALL-UNNAMED
30-Nov-2019 12:42:27.462 INFORMACIÓN [main] org.apache.catalina.startup.VersionLoggerListener.log Nombre de la versión del servidor:   Apache Tomcat/8.5.47

30-Nov-2019 12:42:27.466 INFORMACIÓN [main] org.apache.catalina.startup.VersionLoggerListener.log Server built:          Oct 7 2019 13:30:46 UTC
30-Nov-2019 12:42:27.466 INFORMACIÓN [main] org.apache.catalina.startup.VersionLoggerListener.log Número de versión de servidor:         8.5.47.0
30-Nov-2019 12:42:27.466 INFORMACIÓN [main] org.apache.catalina.startup.VersionLoggerListener.log OS Name:               Linux
30-Nov-2019 12:42:27.466 INFORMACIÓN [main] org.apache.catalina.startup.VersionLoggerListener.log Versión de Systema Operativo:      5.0.0-36-generic

30-Nov-2019 12:42:27.466 INFORMACIÓN [main] org.apache.catalina.startup.VersionLoggerListener.log Arquitectura:          amd64

30-Nov-2019 12:42:27.466 INFORMACIÓN [main] org.apache.catalina.startup.VersionLoggerListener.log Java Home:             /usr/lib/jvm/java-11-openjdk-amd64
30-Nov-2019 12:42:27.466 INFORMACIÓN [main] org.apache.catalina.startup.VersionLoggerListener.log JVM Version:           11.0.4+11-post-Ubuntu-1ubuntu218.04.3
30-Nov-2019 12:42:27.467 INFORMACIÓN [main] org.apache.catalina.startup.VersionLoggerListener.log Vededor JVM:     Ubuntu
30-Nov-2019 12:42:27.467 INFORMACIÓN [main] org.apache.catalina.startup.VersionLoggerListener.log CATALINA_BASE:         /home/fran/Escritorio/DespliegeApp/tomcat/apache-tomcat-8.5.47
30-Nov-2019 12:42:27.467 INFORMACIÓN [main] org.apache.catalina.startup.VersionLoggerListener.log CATALINA_HOME:         /home/fran/Escritorio/DespliegeApp/tomcat/apache-tomcat-8.5.47
30-Nov-2019 12:42:27.468 INFORMACIÓN [main] org.apache.catalina.startup.VersionLoggerListener.log Command line argument: --add-opens=java.base/java.lang=ALL-UNNAMED
30-Nov-2019 12:42:27.469 INFORMACIÓN [main] org.apache.catalina.startup.VersionLoggerListener.log Command line argument: --add-opens=java.base/java.io=ALL-UNNAMED
30-Nov-2019 12:42:27.469 INFORMACIÓN [main] org.apache.catalina.startup.VersionLoggerListener.log Command line argument: --add-opens=java.rmi/sun.rmi.transport=ALL-UNNAMED
30-Nov-2019 12:42:27.469 INFORMACIÓN [main] org.apache.catalina.startup.VersionLoggerListener.log Command line argument: -Djava.util.logging.config.file=/home/fran/Escritorio/DespliegeApp/tomcat/apache-tomcat-8.5.47/conf/logging.properties
30-Nov-2019 12:42:27.469 INFORMACIÓN [main] org.apache.catalina.startup.VersionLoggerListener.log Command line argument: -Djava.util.logging.manager=org.apache.juli.ClassLoaderLogManager
30-Nov-2019 12:42:27.469 INFORMACIÓN [main] org.apache.catalina.startup.VersionLoggerListener.log Command line argument: -Djdk.tls.ephemeralDHKeySize=2048
30-Nov-2019 12:42:27.469 INFORMACIÓN [main] org.apache.catalina.startup.VersionLoggerListener.log Command line argument: -Djava.protocol.handler.pkgs=org.apache.catalina.webresources
30-Nov-2019 12:42:27.469 INFORMACIÓN [main] org.apache.catalina.startup.VersionLoggerListener.log Command line argument: -Dorg.apache.catalina.security.SecurityListener.UMASK=0027
30-Nov-2019 12:42:27.469 INFORMACIÓN [main] org.apache.catalina.startup.VersionLoggerListener.log Command line argument: -Dignore.endorsed.dirs=
30-Nov-2019 12:42:27.469 INFORMACIÓN [main] org.apache.catalina.startup.VersionLoggerListener.log Command line argument: -Dcatalina.base=/home/fran/Escritorio/DespliegeApp/tomcat/apache-tomcat-8.5.47
30-Nov-2019 12:42:27.470 INFORMACIÓN [main] org.apache.catalina.startup.VersionLoggerListener.log Command line argument: -Dcatalina.home=/home/fran/Escritorio/DespliegeApp/tomcat/apache-tomcat-8.5.47
30-Nov-2019 12:42:27.470 INFORMACIÓN [main] org.apache.catalina.startup.VersionLoggerListener.log Command line argument: -Djava.io.tmpdir=/home/fran/Escritorio/DespliegeApp/tomcat/apache-tomcat-8.5.47/temp
30-Nov-2019 12:42:27.470 INFORMACIÓN [main] org.apache.catalina.core.AprLifecycleListener.lifecycleEvent La biblioteca nativa de Apache Tomcat basada en ARP que permite un rendimiento óptimo en entornos de desarrollo no ha sido hallada en java.library.path: [/usr/java/packages/lib:/usr/lib/x86_64-linux-gnu/jni:/lib/x86_64-linux-gnu:/usr/lib/x86_64-linux-gnu:/usr/lib/jni:/lib:/usr/lib]
30-Nov-2019 12:42:27.510 INFORMACIÓN [main] org.apache.coyote.AbstractProtocol.init Inicializando el manejador de protocolo ["http-nio-8080"]

30-Nov-2019 12:42:27.518 GRAVE [main] org.apache.catalina.core.StandardService.initInternal No pude inicializar el conector [Connector[HTTP/1.1-8080]]
	org.apache.catalina.LifecycleException: Falló la inicialización del manejador de protocolo
		at org.apache.catalina.connector.Connector.initInternal(Connector.java:995)
		at org.apache.catalina.util.LifecycleBase.init(LifecycleBase.java:136)
		at org.apache.catalina.core.StandardService.initInternal(StandardService.java:552)
		at org.apache.catalina.util.LifecycleBase.init(LifecycleBase.java:136)
		at org.apache.catalina.core.StandardServer.initInternal(StandardServer.java:848)
		at org.apache.catalina.util.LifecycleBase.init(LifecycleBase.java:136)
		at org.apache.catalina.startup.Catalina.load(Catalina.java:639)
		at org.apache.catalina.startup.Catalina.load(Catalina.java:662)
		at java.base/jdk.internal.reflect.NativeMethodAccessorImpl.invoke0(Native Method)
		at java.base/jdk.internal.reflect.NativeMethodAccessorImpl.invoke(NativeMethodAccessorImpl.java:62)
		at java.base/jdk.internal.reflect.DelegatingMethodAccessorImpl.invoke(DelegatingMethodAccessorImpl.java:43)
		at java.base/java.lang.reflect.Method.invoke(Method.java:566)
		at org.apache.catalina.startup.Bootstrap.load(Bootstrap.java:309)
		at org.apache.catalina.startup.Bootstrap.main(Bootstrap.java:492)
	Caused by: java.net.BindException: La dirección ya se está usando
		at java.base/sun.nio.ch.Net.bind0(Native Method)
		at java.base/sun.nio.ch.Net.bind(Net.java:461)
		at java.base/sun.nio.ch.Net.bind(Net.java:453)
		at java.base/sun.nio.ch.ServerSocketChannelImpl.bind(ServerSocketChannelImpl.java:227)
		at java.base/sun.nio.ch.ServerSocketAdaptor.bind(ServerSocketAdaptor.java:80)
		at org.apache.tomcat.util.net.NioEndpoint.bind(NioEndpoint.java:219)
		at org.apache.tomcat.util.net.AbstractEndpoint.init(AbstractEndpoint.java:1118)
		at org.apache.tomcat.util.net.AbstractJsseEndpoint.init(AbstractJsseEndpoint.java:224)
		at org.apache.coyote.AbstractProtocol.init(AbstractProtocol.java:581)
		at org.apache.coyote.http11.AbstractHttp11Protocol.init(AbstractHttp11Protocol.java:68)
		at org.apache.catalina.connector.Connector.initInternal(Connector.java:993)
		... 13 more
30-Nov-2019 12:42:27.519 INFORMACIÓN [main] org.apache.coyote.AbstractProtocol.init Inicializando el manejador de protocolo ["ajp-nio-8009"]

30-Nov-2019 12:42:27.520 GRAVE [main] org.apache.catalina.core.StandardService.initInternal No pude inicializar el conector [Connector[AJP/1.3-8009]]
	org.apache.catalina.LifecycleException: Falló la inicialización del manejador de protocolo
		at org.apache.catalina.connector.Connector.initInternal(Connector.java:995)
		at org.apache.catalina.util.LifecycleBase.init(LifecycleBase.java:136)
		at org.apache.catalina.core.StandardService.initInternal(StandardService.java:552)
		at org.apache.catalina.util.LifecycleBase.init(LifecycleBase.java:136)
		at org.apache.catalina.core.StandardServer.initInternal(StandardServer.java:848)
		at org.apache.catalina.util.LifecycleBase.init(LifecycleBase.java:136)
		at org.apache.catalina.startup.Catalina.load(Catalina.java:639)
		at org.apache.catalina.startup.Catalina.load(Catalina.java:662)
		at java.base/jdk.internal.reflect.NativeMethodAccessorImpl.invoke0(Native Method)
		at java.base/jdk.internal.reflect.NativeMethodAccessorImpl.invoke(NativeMethodAccessorImpl.java:62)
		at java.base/jdk.internal.reflect.DelegatingMethodAccessorImpl.invoke(DelegatingMethodAccessorImpl.java:43)
		at java.base/java.lang.reflect.Method.invoke(Method.java:566)
		at org.apache.catalina.startup.Bootstrap.load(Bootstrap.java:309)
		at org.apache.catalina.startup.Bootstrap.main(Bootstrap.java:492)
	Caused by: java.net.BindException: La dirección ya se está usando
		at java.base/sun.nio.ch.Net.bind0(Native Method)
		at java.base/sun.nio.ch.Net.bind(Net.java:461)
		at java.base/sun.nio.ch.Net.bind(Net.java:453)
		at java.base/sun.nio.ch.ServerSocketChannelImpl.bind(ServerSocketChannelImpl.java:227)
		at java.base/sun.nio.ch.ServerSocketAdaptor.bind(ServerSocketAdaptor.java:80)
		at org.apache.tomcat.util.net.NioEndpoint.bind(NioEndpoint.java:219)
		at org.apache.tomcat.util.net.AbstractEndpoint.init(AbstractEndpoint.java:1118)
		at org.apache.tomcat.util.net.AbstractJsseEndpoint.init(AbstractJsseEndpoint.java:224)
		at org.apache.coyote.AbstractProtocol.init(AbstractProtocol.java:581)
		at org.apache.catalina.connector.Connector.initInternal(Connector.java:993)
		... 13 more
30-Nov-2019 12:42:27.521 INFORMACIÓN [main] org.apache.catalina.startup.Catalina.load Initialization processed in 365 ms
30-Nov-2019 12:42:27.557 INFORMACIÓN [main] org.apache.catalina.core.StandardService.startInternal Arrancando servicio [Catalina]
30-Nov-2019 12:42:27.557 INFORMACIÓN [main] org.apache.catalina.core.StandardEngine.startInternal Starting Servlet Engine: Apache Tomcat/8.5.47
30-Nov-2019 12:42:27.573 INFORMACIÓN [localhost-startStop-1] org.apache.catalina.startup.HostConfig.deployWAR Despliegue del archivo [/home/fran/Escritorio/DespliegeApp/tomcat/apache-tomcat-8.5.47/webapps/SensorMan2.war] de la aplicación web
30-Nov-2019 12:42:27.910 INFORMACIÓN [localhost-startStop-1] org.apache.jasper.servlet.TldScanner.scanJars Al menos un JAR, que se ha explorado buscando TLDs, aún no contenía TLDs. Activar historial de depuración para este historiador para una completa lista de los JARs que fueron explorados y de los que nos se halló TLDs. Saltarse JARs no necesarios durante la exploración puede dar lugar a una mejora de tiempo significativa en el arranque y compilación de JSP .
30-Nov-2019 12:42:27.957 INFORMACIÓN [localhost-startStop-1] org.apache.catalina.startup.HostConfig.deployWAR Deployment of web application archive [/home/fran/Escritorio/DespliegeApp/tomcat/apache-tomcat-8.5.47/webapps/SensorMan2.war] has finished in [383] ms
30-Nov-2019 12:42:27.958 INFORMACIÓN [localhost-startStop-1] org.apache.catalina.startup.HostConfig.deployDirectory Desplegando el directorio [/home/fran/Escritorio/DespliegeApp/tomcat/apache-tomcat-8.5.47/webapps/docs] de la aplicación web
30-Nov-2019 12:42:27.980 INFORMACIÓN [localhost-startStop-1] org.apache.catalina.startup.HostConfig.deployDirectory Deployment of web application directory [/home/fran/Escritorio/DespliegeApp/tomcat/apache-tomcat-8.5.47/webapps/docs] has finished in [22] ms
30-Nov-2019 12:42:27.980 INFORMACIÓN [localhost-startStop-1] org.apache.catalina.startup.HostConfig.deployDirectory Desplegando el directorio [/home/fran/Escritorio/DespliegeApp/tomcat/apache-tomcat-8.5.47/webapps/host-manager] de la aplicación web
30-Nov-2019 12:42:28.013 INFORMACIÓN [localhost-startStop-1] org.apache.catalina.startup.HostConfig.deployDirectory Deployment of web application directory [/home/fran/Escritorio/DespliegeApp/tomcat/apache-tomcat-8.5.47/webapps/host-manager] has finished in [33] ms
30-Nov-2019 12:42:28.014 INFORMACIÓN [localhost-startStop-1] org.apache.catalina.startup.HostConfig.deployDirectory Desplegando el directorio [/home/fran/Escritorio/DespliegeApp/tomcat/apache-tomcat-8.5.47/webapps/examples] de la aplicación web
30-Nov-2019 12:42:28.130 INFORMACIÓN [localhost-startStop-1] org.apache.catalina.startup.HostConfig.deployDirectory Deployment of web application directory [/home/fran/Escritorio/DespliegeApp/tomcat/apache-tomcat-8.5.47/webapps/examples] has finished in [116] ms
30-Nov-2019 12:42:28.130 INFORMACIÓN [localhost-startStop-1] org.apache.catalina.startup.HostConfig.deployDirectory Desplegando el directorio [/home/fran/Escritorio/DespliegeApp/tomcat/apache-tomcat-8.5.47/webapps/ROOT] de la aplicación web
30-Nov-2019 12:42:28.141 INFORMACIÓN [localhost-startStop-1] org.apache.catalina.startup.HostConfig.deployDirectory Deployment of web application directory [/home/fran/Escritorio/DespliegeApp/tomcat/apache-tomcat-8.5.47/webapps/ROOT] has finished in [11] ms
30-Nov-2019 12:42:28.141 INFORMACIÓN [localhost-startStop-1] org.apache.catalina.startup.HostConfig.deployDirectory Desplegando el directorio [/home/fran/Escritorio/DespliegeApp/tomcat/apache-tomcat-8.5.47/webapps/manager] de la aplicación web
30-Nov-2019 12:42:28.154 INFORMACIÓN [localhost-startStop-1] org.apache.catalina.startup.HostConfig.deployDirectory Deployment of web application directory [/home/fran/Escritorio/DespliegeApp/tomcat/apache-tomcat-8.5.47/webapps/manager] has finished in [13] ms
30-Nov-2019 12:42:28.157 INFORMACIÓN [main] org.apache.catalina.startup.Catalina.start Server startup in 636 ms
30-Nov-2019 12:42:28.159 GRAVE [main] org.apache.catalina.core.StandardServer.await StandardServer.await: create[localhost:8005]: 
	java.net.BindException: La dirección ya se está usando (Bind failed)
		at java.base/java.net.PlainSocketImpl.socketBind(Native Method)
		at java.base/java.net.AbstractPlainSocketImpl.bind(AbstractPlainSocketImpl.java:436)
		at java.base/java.net.ServerSocket.bind(ServerSocket.java:381)
		at java.base/java.net.ServerSocket.<init>(ServerSocket.java:243)
		at org.apache.catalina.core.StandardServer.await(StandardServer.java:421)
		at org.apache.catalina.startup.Catalina.await(Catalina.java:776)
		at org.apache.catalina.startup.Catalina.start(Catalina.java:722)
		at java.base/jdk.internal.reflect.NativeMethodAccessorImpl.invoke0(Native Method)
		at java.base/jdk.internal.reflect.NativeMethodAccessorImpl.invoke(NativeMethodAccessorImpl.java:62)
		at java.base/jdk.internal.reflect.DelegatingMethodAccessorImpl.invoke(DelegatingMethodAccessorImpl.java:43)
		at java.base/java.lang.reflect.Method.invoke(Method.java:566)
		at org.apache.catalina.startup.Bootstrap.start(Bootstrap.java:353)
		at org.apache.catalina.startup.Bootstrap.main(Bootstrap.java:493)
30-Nov-2019 12:42:28.159 INFORMACIÓN [main] org.apache.coyote.AbstractProtocol.pause Pausing ProtocolHandler ["http-nio-8080"]
30-Nov-2019 12:42:28.159 INFORMACIÓN [main] org.apache.coyote.AbstractProtocol.pause Pausing ProtocolHandler ["ajp-nio-8009"]
30-Nov-2019 12:42:28.159 INFORMACIÓN [main] org.apache.catalina.core.StandardService.stopInternal Parando servicio [Catalina]
30-Nov-2019 12:42:28.185 INFORMACIÓN [main] org.apache.coyote.AbstractProtocol.stop Stopping ProtocolHandler ["http-nio-8080"]
30-Nov-2019 12:42:28.185 INFORMACIÓN [main] org.apache.coyote.AbstractProtocol.destroy Destroying ProtocolHandler ["http-nio-8080"]
30-Nov-2019 12:42:28.185 INFORMACIÓN [main] org.apache.coyote.AbstractProtocol.stop Stopping ProtocolHandler ["ajp-nio-8009"]
30-Nov-2019 12:42:28.185 INFORMACIÓN [main] org.apache.coyote.AbstractProtocol.destroy Destroying ProtocolHandler ["ajp-nio-8009"]
NOTE: Picked up JDK_JAVA_OPTIONS:  --add-opens=java.base/java.lang=ALL-UNNAMED --add-opens=java.base/java.io=ALL-UNNAMED --add-opens=java.rmi/sun.rmi.transport=ALL-UNNAMED
30-Nov-2019 12:45:26.479 INFORMACIÓN [main] org.apache.catalina.startup.VersionLoggerListener.log Nombre de la versión del servidor:   Apache Tomcat/8.5.47

30-Nov-2019 12:45:26.482 INFORMACIÓN [main] org.apache.catalina.startup.VersionLoggerListener.log Server built:          Oct 7 2019 13:30:46 UTC
30-Nov-2019 12:45:26.482 INFORMACIÓN [main] org.apache.catalina.startup.VersionLoggerListener.log Número de versión de servidor:         8.5.47.0
30-Nov-2019 12:45:26.482 INFORMACIÓN [main] org.apache.catalina.startup.VersionLoggerListener.log OS Name:               Linux
30-Nov-2019 12:45:26.482 INFORMACIÓN [main] org.apache.catalina.startup.VersionLoggerListener.log Versión de Systema Operativo:      5.0.0-36-generic

30-Nov-2019 12:45:26.482 INFORMACIÓN [main] org.apache.catalina.startup.VersionLoggerListener.log Arquitectura:          amd64

30-Nov-2019 12:45:26.482 INFORMACIÓN [main] org.apache.catalina.startup.VersionLoggerListener.log Java Home:             /usr/lib/jvm/java-11-openjdk-amd64
30-Nov-2019 12:45:26.483 INFORMACIÓN [main] org.apache.catalina.startup.VersionLoggerListener.log JVM Version:           11.0.4+11-post-Ubuntu-1ubuntu218.04.3
30-Nov-2019 12:45:26.483 INFORMACIÓN [main] org.apache.catalina.startup.VersionLoggerListener.log Vededor JVM:     Ubuntu
30-Nov-2019 12:45:26.483 INFORMACIÓN [main] org.apache.catalina.startup.VersionLoggerListener.log CATALINA_BASE:         /home/fran/Escritorio/DespliegeApp/tomcat/apache-tomcat-8.5.47
30-Nov-2019 12:45:26.483 INFORMACIÓN [main] org.apache.catalina.startup.VersionLoggerListener.log CATALINA_HOME:         /home/fran/Escritorio/DespliegeApp/tomcat/apache-tomcat-8.5.47
30-Nov-2019 12:45:26.484 INFORMACIÓN [main] org.apache.catalina.startup.VersionLoggerListener.log Command line argument: --add-opens=java.base/java.lang=ALL-UNNAMED
30-Nov-2019 12:45:26.484 INFORMACIÓN [main] org.apache.catalina.startup.VersionLoggerListener.log Command line argument: --add-opens=java.base/java.io=ALL-UNNAMED
30-Nov-2019 12:45:26.484 INFORMACIÓN [main] org.apache.catalina.startup.VersionLoggerListener.log Command line argument: --add-opens=java.rmi/sun.rmi.transport=ALL-UNNAMED
30-Nov-2019 12:45:26.484 INFORMACIÓN [main] org.apache.catalina.startup.VersionLoggerListener.log Command line argument: -Djava.util.logging.config.file=/home/fran/Escritorio/DespliegeApp/tomcat/apache-tomcat-8.5.47/conf/logging.properties
30-Nov-2019 12:45:26.484 INFORMACIÓN [main] org.apache.catalina.startup.VersionLoggerListener.log Command line argument: -Djava.util.logging.manager=org.apache.juli.ClassLoaderLogManager
30-Nov-2019 12:45:26.485 INFORMACIÓN [main] org.apache.catalina.startup.VersionLoggerListener.log Command line argument: -Djdk.tls.ephemeralDHKeySize=2048
30-Nov-2019 12:45:26.485 INFORMACIÓN [main] org.apache.catalina.startup.VersionLoggerListener.log Command line argument: -Djava.protocol.handler.pkgs=org.apache.catalina.webresources
30-Nov-2019 12:45:26.485 INFORMACIÓN [main] org.apache.catalina.startup.VersionLoggerListener.log Command line argument: -Dorg.apache.catalina.security.SecurityListener.UMASK=0027
30-Nov-2019 12:45:26.485 INFORMACIÓN [main] org.apache.catalina.startup.VersionLoggerListener.log Command line argument: -Dignore.endorsed.dirs=
30-Nov-2019 12:45:26.485 INFORMACIÓN [main] org.apache.catalina.startup.VersionLoggerListener.log Command line argument: -Dcatalina.base=/home/fran/Escritorio/DespliegeApp/tomcat/apache-tomcat-8.5.47
30-Nov-2019 12:45:26.485 INFORMACIÓN [main] org.apache.catalina.startup.VersionLoggerListener.log Command line argument: -Dcatalina.home=/home/fran/Escritorio/DespliegeApp/tomcat/apache-tomcat-8.5.47
30-Nov-2019 12:45:26.485 INFORMACIÓN [main] org.apache.catalina.startup.VersionLoggerListener.log Command line argument: -Djava.io.tmpdir=/home/fran/Escritorio/DespliegeApp/tomcat/apache-tomcat-8.5.47/temp
30-Nov-2019 12:45:26.485 INFORMACIÓN [main] org.apache.catalina.core.AprLifecycleListener.lifecycleEvent La biblioteca nativa de Apache Tomcat basada en ARP que permite un rendimiento óptimo en entornos de desarrollo no ha sido hallada en java.library.path: [/usr/java/packages/lib:/usr/lib/x86_64-linux-gnu/jni:/lib/x86_64-linux-gnu:/usr/lib/x86_64-linux-gnu:/usr/lib/jni:/lib:/usr/lib]
30-Nov-2019 12:45:26.520 INFORMACIÓN [main] org.apache.coyote.AbstractProtocol.init Inicializando el manejador de protocolo ["http-nio-8080"]

30-Nov-2019 12:45:26.528 INFORMACIÓN [main] org.apache.tomcat.util.net.NioSelectorPool.getSharedSelector Using a shared selector for servlet write/read
30-Nov-2019 12:45:26.536 INFORMACIÓN [main] org.apache.coyote.AbstractProtocol.init Inicializando el manejador de protocolo ["ajp-nio-8009"]

30-Nov-2019 12:45:26.537 INFORMACIÓN [main] org.apache.tomcat.util.net.NioSelectorPool.getSharedSelector Using a shared selector for servlet write/read
30-Nov-2019 12:45:26.538 INFORMACIÓN [main] org.apache.catalina.startup.Catalina.load Initialization processed in 377 ms
30-Nov-2019 12:45:26.571 INFORMACIÓN [main] org.apache.catalina.core.StandardService.startInternal Arrancando servicio [Catalina]
30-Nov-2019 12:45:26.572 INFORMACIÓN [main] org.apache.catalina.core.StandardEngine.startInternal Starting Servlet Engine: Apache Tomcat/8.5.47
30-Nov-2019 12:45:26.584 INFORMACIÓN [localhost-startStop-1] org.apache.catalina.startup.HostConfig.deployWAR Despliegue del archivo [/home/fran/Escritorio/DespliegeApp/tomcat/apache-tomcat-8.5.47/webapps/SensorMan2.war] de la aplicación web
30-Nov-2019 12:45:26.865 INFORMACIÓN [localhost-startStop-1] org.apache.jasper.servlet.TldScanner.scanJars Al menos un JAR, que se ha explorado buscando TLDs, aún no contenía TLDs. Activar historial de depuración para este historiador para una completa lista de los JARs que fueron explorados y de los que nos se halló TLDs. Saltarse JARs no necesarios durante la exploración puede dar lugar a una mejora de tiempo significativa en el arranque y compilación de JSP .
30-Nov-2019 12:45:26.904 INFORMACIÓN [localhost-startStop-1] org.apache.catalina.startup.HostConfig.deployWAR Deployment of web application archive [/home/fran/Escritorio/DespliegeApp/tomcat/apache-tomcat-8.5.47/webapps/SensorMan2.war] has finished in [318] ms
30-Nov-2019 12:45:26.905 INFORMACIÓN [localhost-startStop-1] org.apache.catalina.startup.HostConfig.deployDirectory Desplegando el directorio [/home/fran/Escritorio/DespliegeApp/tomcat/apache-tomcat-8.5.47/webapps/docs] de la aplicación web
30-Nov-2019 12:45:26.918 INFORMACIÓN [localhost-startStop-1] org.apache.catalina.startup.HostConfig.deployDirectory Deployment of web application directory [/home/fran/Escritorio/DespliegeApp/tomcat/apache-tomcat-8.5.47/webapps/docs] has finished in [12] ms
30-Nov-2019 12:45:26.918 INFORMACIÓN [localhost-startStop-1] org.apache.catalina.startup.HostConfig.deployDirectory Desplegando el directorio [/home/fran/Escritorio/DespliegeApp/tomcat/apache-tomcat-8.5.47/webapps/host-manager] de la aplicación web
30-Nov-2019 12:45:26.940 INFORMACIÓN [localhost-startStop-1] org.apache.catalina.startup.HostConfig.deployDirectory Deployment of web application directory [/home/fran/Escritorio/DespliegeApp/tomcat/apache-tomcat-8.5.47/webapps/host-manager] has finished in [22] ms
30-Nov-2019 12:45:26.940 INFORMACIÓN [localhost-startStop-1] org.apache.catalina.startup.HostConfig.deployDirectory Desplegando el directorio [/home/fran/Escritorio/DespliegeApp/tomcat/apache-tomcat-8.5.47/webapps/examples] de la aplicación web
30-Nov-2019 12:45:27.044 INFORMACIÓN [localhost-startStop-1] org.apache.catalina.startup.HostConfig.deployDirectory Deployment of web application directory [/home/fran/Escritorio/DespliegeApp/tomcat/apache-tomcat-8.5.47/webapps/examples] has finished in [104] ms
30-Nov-2019 12:45:27.045 INFORMACIÓN [localhost-startStop-1] org.apache.catalina.startup.HostConfig.deployDirectory Desplegando el directorio [/home/fran/Escritorio/DespliegeApp/tomcat/apache-tomcat-8.5.47/webapps/ROOT] de la aplicación web
30-Nov-2019 12:45:27.061 INFORMACIÓN [localhost-startStop-1] org.apache.catalina.startup.HostConfig.deployDirectory Deployment of web application directory [/home/fran/Escritorio/DespliegeApp/tomcat/apache-tomcat-8.5.47/webapps/ROOT] has finished in [16] ms
30-Nov-2019 12:45:27.061 INFORMACIÓN [localhost-startStop-1] org.apache.catalina.startup.HostConfig.deployDirectory Desplegando el directorio [/home/fran/Escritorio/DespliegeApp/tomcat/apache-tomcat-8.5.47/webapps/manager] de la aplicación web
30-Nov-2019 12:45:27.082 INFORMACIÓN [localhost-startStop-1] org.apache.catalina.startup.HostConfig.deployDirectory Deployment of web application directory [/home/fran/Escritorio/DespliegeApp/tomcat/apache-tomcat-8.5.47/webapps/manager] has finished in [20] ms
30-Nov-2019 12:45:27.085 INFORMACIÓN [main] org.apache.coyote.AbstractProtocol.start Starting ProtocolHandler ["http-nio-8080"]
30-Nov-2019 12:45:27.108 INFORMACIÓN [main] org.apache.coyote.AbstractProtocol.start Starting ProtocolHandler ["ajp-nio-8009"]
30-Nov-2019 12:45:27.165 INFORMACIÓN [main] org.apache.catalina.startup.Catalina.start Server startup in 626 ms
HE LLEGADO SEVET
PASS IGUAL
Connecting to database...
Connecting to database...
java.lang.IllegalStateException: setAttribute: La Sesión ya ha sido invalidada
	at org.apache.catalina.session.StandardSession.setAttribute(StandardSession.java:1420)
	at org.apache.catalina.session.StandardSession.setAttribute(StandardSession.java:1385)
	at org.apache.catalina.session.StandardSessionFacade.setAttribute(StandardSessionFacade.java:137)
	at servlets.registroServlet.doPost(registroServlet.java:47)
	at javax.servlet.http.HttpServlet.service(HttpServlet.java:660)
	at javax.servlet.http.HttpServlet.service(HttpServlet.java:741)
	at org.apache.catalina.core.ApplicationFilterChain.internalDoFilter(ApplicationFilterChain.java:231)
	at org.apache.catalina.core.ApplicationFilterChain.doFilter(ApplicationFilterChain.java:166)
	at org.apache.tomcat.websocket.server.WsFilter.doFilter(WsFilter.java:52)
	at org.apache.catalina.core.ApplicationFilterChain.internalDoFilter(ApplicationFilterChain.java:193)
	at org.apache.catalina.core.ApplicationFilterChain.doFilter(ApplicationFilterChain.java:166)
	at org.apache.catalina.core.StandardWrapperValve.invoke(StandardWrapperValve.java:199)
	at org.apache.catalina.core.StandardContextValve.invoke(StandardContextValve.java:96)
	at org.apache.catalina.authenticator.AuthenticatorBase.invoke(AuthenticatorBase.java:528)
	at org.apache.catalina.core.StandardHostValve.invoke(StandardHostValve.java:139)
	at org.apache.catalina.valves.ErrorReportValve.invoke(ErrorReportValve.java:81)
	at org.apache.catalina.valves.AbstractAccessLogValve.invoke(AbstractAccessLogValve.java:678)
	at org.apache.catalina.core.StandardEngineValve.invoke(StandardEngineValve.java:87)
	at org.apache.catalina.connector.CoyoteAdapter.service(CoyoteAdapter.java:343)
	at org.apache.coyote.http11.Http11Processor.service(Http11Processor.java:798)
	at org.apache.coyote.AbstractProcessorLight.process(AbstractProcessorLight.java:66)
	at org.apache.coyote.AbstractProtocol$ConnectionHandler.process(AbstractProtocol.java:810)
	at org.apache.tomcat.util.net.NioEndpoint$SocketProcessor.doRun(NioEndpoint.java:1500)
	at org.apache.tomcat.util.net.SocketProcessorBase.run(SocketProcessorBase.java:49)
	at java.base/java.util.concurrent.ThreadPoolExecutor.runWorker(ThreadPoolExecutor.java:1128)
	at java.base/java.util.concurrent.ThreadPoolExecutor$Worker.run(ThreadPoolExecutor.java:628)
	at org.apache.tomcat.util.threads.TaskThread$WrappingRunnable.run(TaskThread.java:61)
	at java.base/java.lang.Thread.run(Thread.java:834)
30-Nov-2019 13:04:01.268 INFORMACIÓN [main] org.apache.catalina.core.StandardServer.await Se ha recibido un comando de apagado a través del puerto de apagado. Parando la instancia del Servidor.
30-Nov-2019 13:04:01.269 INFORMACIÓN [main] org.apache.coyote.AbstractProtocol.pause Pausing ProtocolHandler ["http-nio-8080"]
30-Nov-2019 13:04:01.275 INFORMACIÓN [main] org.apache.coyote.AbstractProtocol.pause Pausing ProtocolHandler ["ajp-nio-8009"]
30-Nov-2019 13:04:01.280 INFORMACIÓN [main] org.apache.catalina.core.StandardService.stopInternal Parando servicio [Catalina]
30-Nov-2019 13:04:01.301 ADVERTENCIA [localhost-startStop-2] org.apache.catalina.loader.WebappClassLoaderBase.clearReferencesJdbc La aplicación web [SensorMan2] registró el conductor JDBC [org.mariadb.jdbc.Driver] pero falló al anular el registro mientras la aplicación web estaba parada. Para prevenir un fallo de memoria, se ha anulado el registro del conductor JDBC por la fuerza.
30-Nov-2019 13:04:01.306 INFORMACIÓN [main] org.apache.coyote.AbstractProtocol.stop Stopping ProtocolHandler ["http-nio-8080"]
30-Nov-2019 13:04:01.307 INFORMACIÓN [main] org.apache.coyote.AbstractProtocol.stop Stopping ProtocolHandler ["ajp-nio-8009"]
30-Nov-2019 13:04:01.309 INFORMACIÓN [main] org.apache.coyote.AbstractProtocol.destroy Destroying ProtocolHandler ["http-nio-8080"]
30-Nov-2019 13:04:01.309 INFORMACIÓN [main] org.apache.coyote.AbstractProtocol.destroy Destroying ProtocolHandler ["ajp-nio-8009"]
NOTE: Picked up JDK_JAVA_OPTIONS:  --add-opens=java.base/java.lang=ALL-UNNAMED --add-opens=java.base/java.io=ALL-UNNAMED --add-opens=java.rmi/sun.rmi.transport=ALL-UNNAMED
01-Dec-2019 10:03:00.168 INFORMACIÓN [main] org.apache.catalina.startup.VersionLoggerListener.log Nombre de la versión del servidor:   Apache Tomcat/8.5.47

01-Dec-2019 10:03:00.171 INFORMACIÓN [main] org.apache.catalina.startup.VersionLoggerListener.log Server built:          Oct 7 2019 13:30:46 UTC
01-Dec-2019 10:03:00.171 INFORMACIÓN [main] org.apache.catalina.startup.VersionLoggerListener.log Número de versión de servidor:         8.5.47.0
01-Dec-2019 10:03:00.171 INFORMACIÓN [main] org.apache.catalina.startup.VersionLoggerListener.log OS Name:               Linux
01-Dec-2019 10:03:00.171 INFORMACIÓN [main] org.apache.catalina.startup.VersionLoggerListener.log Versión de Systema Operativo:      5.0.0-36-generic

01-Dec-2019 10:03:00.172 INFORMACIÓN [main] org.apache.catalina.startup.VersionLoggerListener.log Arquitectura:          amd64

01-Dec-2019 10:03:00.172 INFORMACIÓN [main] org.apache.catalina.startup.VersionLoggerListener.log Java Home:             /usr/lib/jvm/java-11-openjdk-amd64
01-Dec-2019 10:03:00.172 INFORMACIÓN [main] org.apache.catalina.startup.VersionLoggerListener.log JVM Version:           11.0.4+11-post-Ubuntu-1ubuntu218.04.3
01-Dec-2019 10:03:00.172 INFORMACIÓN [main] org.apache.catalina.startup.VersionLoggerListener.log Vededor JVM:     Ubuntu
01-Dec-2019 10:03:00.172 INFORMACIÓN [main] org.apache.catalina.startup.VersionLoggerListener.log CATALINA_BASE:         /home/fran/Escritorio/DespliegeApp/tomcat/apache-tomcat-8.5.47
01-Dec-2019 10:03:00.172 INFORMACIÓN [main] org.apache.catalina.startup.VersionLoggerListener.log CATALINA_HOME:         /home/fran/Escritorio/DespliegeApp/tomcat/apache-tomcat-8.5.47
01-Dec-2019 10:03:00.174 INFORMACIÓN [main] org.apache.catalina.startup.VersionLoggerListener.log Command line argument: --add-opens=java.base/java.lang=ALL-UNNAMED
01-Dec-2019 10:03:00.174 INFORMACIÓN [main] org.apache.catalina.startup.VersionLoggerListener.log Command line argument: --add-opens=java.base/java.io=ALL-UNNAMED
01-Dec-2019 10:03:00.174 INFORMACIÓN [main] org.apache.catalina.startup.VersionLoggerListener.log Command line argument: --add-opens=java.rmi/sun.rmi.transport=ALL-UNNAMED
01-Dec-2019 10:03:00.175 INFORMACIÓN [main] org.apache.catalina.startup.VersionLoggerListener.log Command line argument: -Djava.util.logging.config.file=/home/fran/Escritorio/DespliegeApp/tomcat/apache-tomcat-8.5.47/conf/logging.properties
01-Dec-2019 10:03:00.175 INFORMACIÓN [main] org.apache.catalina.startup.VersionLoggerListener.log Command line argument: -Djava.util.logging.manager=org.apache.juli.ClassLoaderLogManager
01-Dec-2019 10:03:00.175 INFORMACIÓN [main] org.apache.catalina.startup.VersionLoggerListener.log Command line argument: -Djdk.tls.ephemeralDHKeySize=2048
01-Dec-2019 10:03:00.175 INFORMACIÓN [main] org.apache.catalina.startup.VersionLoggerListener.log Command line argument: -Djava.protocol.handler.pkgs=org.apache.catalina.webresources
01-Dec-2019 10:03:00.175 INFORMACIÓN [main] org.apache.catalina.startup.VersionLoggerListener.log Command line argument: -Dorg.apache.catalina.security.SecurityListener.UMASK=0027
01-Dec-2019 10:03:00.175 INFORMACIÓN [main] org.apache.catalina.startup.VersionLoggerListener.log Command line argument: -Dignore.endorsed.dirs=
01-Dec-2019 10:03:00.175 INFORMACIÓN [main] org.apache.catalina.startup.VersionLoggerListener.log Command line argument: -Dcatalina.base=/home/fran/Escritorio/DespliegeApp/tomcat/apache-tomcat-8.5.47
01-Dec-2019 10:03:00.175 INFORMACIÓN [main] org.apache.catalina.startup.VersionLoggerListener.log Command line argument: -Dcatalina.home=/home/fran/Escritorio/DespliegeApp/tomcat/apache-tomcat-8.5.47
01-Dec-2019 10:03:00.175 INFORMACIÓN [main] org.apache.catalina.startup.VersionLoggerListener.log Command line argument: -Djava.io.tmpdir=/home/fran/Escritorio/DespliegeApp/tomcat/apache-tomcat-8.5.47/temp
01-Dec-2019 10:03:00.175 INFORMACIÓN [main] org.apache.catalina.core.AprLifecycleListener.lifecycleEvent La biblioteca nativa de Apache Tomcat basada en ARP que permite un rendimiento óptimo en entornos de desarrollo no ha sido hallada en java.library.path: [/usr/java/packages/lib:/usr/lib/x86_64-linux-gnu/jni:/lib/x86_64-linux-gnu:/usr/lib/x86_64-linux-gnu:/usr/lib/jni:/lib:/usr/lib]
01-Dec-2019 10:03:00.217 INFORMACIÓN [main] org.apache.coyote.AbstractProtocol.init Inicializando el manejador de protocolo ["http-nio-8080"]

01-Dec-2019 10:03:00.229 INFORMACIÓN [main] org.apache.tomcat.util.net.NioSelectorPool.getSharedSelector Using a shared selector for servlet write/read
01-Dec-2019 10:03:00.239 INFORMACIÓN [main] org.apache.coyote.AbstractProtocol.init Inicializando el manejador de protocolo ["ajp-nio-8009"]

01-Dec-2019 10:03:00.240 INFORMACIÓN [main] org.apache.tomcat.util.net.NioSelectorPool.getSharedSelector Using a shared selector for servlet write/read
01-Dec-2019 10:03:00.240 INFORMACIÓN [main] org.apache.catalina.startup.Catalina.load Initialization processed in 488 ms
01-Dec-2019 10:03:00.292 INFORMACIÓN [main] org.apache.catalina.core.StandardService.startInternal Arrancando servicio [Catalina]
01-Dec-2019 10:03:00.292 INFORMACIÓN [main] org.apache.catalina.core.StandardEngine.startInternal Starting Servlet Engine: Apache Tomcat/8.5.47
01-Dec-2019 10:03:00.310 INFORMACIÓN [localhost-startStop-1] org.apache.catalina.startup.HostConfig.deployWAR Despliegue del archivo [/home/fran/Escritorio/DespliegeApp/tomcat/apache-tomcat-8.5.47/webapps/SensorMan2.war] de la aplicación web
01-Dec-2019 10:03:00.690 INFORMACIÓN [localhost-startStop-1] org.apache.jasper.servlet.TldScanner.scanJars Al menos un JAR, que se ha explorado buscando TLDs, aún no contenía TLDs. Activar historial de depuración para este historiador para una completa lista de los JARs que fueron explorados y de los que nos se halló TLDs. Saltarse JARs no necesarios durante la exploración puede dar lugar a una mejora de tiempo significativa en el arranque y compilación de JSP .
01-Dec-2019 10:03:00.754 INFORMACIÓN [localhost-startStop-1] org.apache.catalina.startup.HostConfig.deployWAR Deployment of web application archive [/home/fran/Escritorio/DespliegeApp/tomcat/apache-tomcat-8.5.47/webapps/SensorMan2.war] has finished in [441] ms
01-Dec-2019 10:03:00.756 INFORMACIÓN [localhost-startStop-1] org.apache.catalina.startup.HostConfig.deployDirectory Desplegando el directorio [/home/fran/Escritorio/DespliegeApp/tomcat/apache-tomcat-8.5.47/webapps/docs] de la aplicación web
01-Dec-2019 10:03:00.780 INFORMACIÓN [localhost-startStop-1] org.apache.catalina.startup.HostConfig.deployDirectory Deployment of web application directory [/home/fran/Escritorio/DespliegeApp/tomcat/apache-tomcat-8.5.47/webapps/docs] has finished in [24] ms
01-Dec-2019 10:03:00.781 INFORMACIÓN [localhost-startStop-1] org.apache.catalina.startup.HostConfig.deployDirectory Desplegando el directorio [/home/fran/Escritorio/DespliegeApp/tomcat/apache-tomcat-8.5.47/webapps/host-manager] de la aplicación web
01-Dec-2019 10:03:00.822 INFORMACIÓN [localhost-startStop-1] org.apache.catalina.startup.HostConfig.deployDirectory Deployment of web application directory [/home/fran/Escritorio/DespliegeApp/tomcat/apache-tomcat-8.5.47/webapps/host-manager] has finished in [41] ms
01-Dec-2019 10:03:00.822 INFORMACIÓN [localhost-startStop-1] org.apache.catalina.startup.HostConfig.deployDirectory Desplegando el directorio [/home/fran/Escritorio/DespliegeApp/tomcat/apache-tomcat-8.5.47/webapps/examples] de la aplicación web
01-Dec-2019 10:03:01.043 INFORMACIÓN [localhost-startStop-1] org.apache.catalina.startup.HostConfig.deployDirectory Deployment of web application directory [/home/fran/Escritorio/DespliegeApp/tomcat/apache-tomcat-8.5.47/webapps/examples] has finished in [221] ms
01-Dec-2019 10:03:01.043 INFORMACIÓN [localhost-startStop-1] org.apache.catalina.startup.HostConfig.deployDirectory Desplegando el directorio [/home/fran/Escritorio/DespliegeApp/tomcat/apache-tomcat-8.5.47/webapps/ROOT] de la aplicación web
01-Dec-2019 10:03:01.063 INFORMACIÓN [localhost-startStop-1] org.apache.catalina.startup.HostConfig.deployDirectory Deployment of web application directory [/home/fran/Escritorio/DespliegeApp/tomcat/apache-tomcat-8.5.47/webapps/ROOT] has finished in [20] ms
01-Dec-2019 10:03:01.063 INFORMACIÓN [localhost-startStop-1] org.apache.catalina.startup.HostConfig.deployDirectory Desplegando el directorio [/home/fran/Escritorio/DespliegeApp/tomcat/apache-tomcat-8.5.47/webapps/manager] de la aplicación web
01-Dec-2019 10:03:01.087 INFORMACIÓN [localhost-startStop-1] org.apache.catalina.startup.HostConfig.deployDirectory Deployment of web application directory [/home/fran/Escritorio/DespliegeApp/tomcat/apache-tomcat-8.5.47/webapps/manager] has finished in [24] ms
01-Dec-2019 10:03:01.091 INFORMACIÓN [main] org.apache.coyote.AbstractProtocol.start Starting ProtocolHandler ["http-nio-8080"]
01-Dec-2019 10:03:01.106 INFORMACIÓN [main] org.apache.coyote.AbstractProtocol.start Starting ProtocolHandler ["ajp-nio-8009"]
01-Dec-2019 10:03:01.163 INFORMACIÓN [main] org.apache.catalina.startup.Catalina.start Server startup in 922 ms
HE LLEGADO SEVET
Connecting to database...
USUARIO EXISTE
Connecting to database...
hola
hola
PASS IGUAL !!!!!!!!!!
HE LLEGADO SEVET
victor
PASS IGUAL
Connecting to database...
DISPOSITIVO NO EXISTENTE EN LA BD...INSERTANDO
HE LLEGADO SEVET
Connecting to database...
Connecting to database...
NOTE: Picked up JDK_JAVA_OPTIONS:  --add-opens=java.base/java.lang=ALL-UNNAMED --add-opens=java.base/java.io=ALL-UNNAMED --add-opens=java.rmi/sun.rmi.transport=ALL-UNNAMED
01-Dec-2019 10:17:14.548 INFORMACIÓN [main] org.apache.catalina.startup.VersionLoggerListener.log Nombre de la versión del servidor:   Apache Tomcat/8.5.47

01-Dec-2019 10:17:14.552 INFORMACIÓN [main] org.apache.catalina.startup.VersionLoggerListener.log Server built:          Oct 7 2019 13:30:46 UTC
01-Dec-2019 10:17:14.552 INFORMACIÓN [main] org.apache.catalina.startup.VersionLoggerListener.log Número de versión de servidor:         8.5.47.0
01-Dec-2019 10:17:14.552 INFORMACIÓN [main] org.apache.catalina.startup.VersionLoggerListener.log OS Name:               Linux
01-Dec-2019 10:17:14.552 INFORMACIÓN [main] org.apache.catalina.startup.VersionLoggerListener.log Versión de Systema Operativo:      5.0.0-36-generic

01-Dec-2019 10:17:14.552 INFORMACIÓN [main] org.apache.catalina.startup.VersionLoggerListener.log Arquitectura:          amd64

01-Dec-2019 10:17:14.553 INFORMACIÓN [main] org.apache.catalina.startup.VersionLoggerListener.log Java Home:             /usr/lib/jvm/java-11-openjdk-amd64
01-Dec-2019 10:17:14.553 INFORMACIÓN [main] org.apache.catalina.startup.VersionLoggerListener.log JVM Version:           11.0.4+11-post-Ubuntu-1ubuntu218.04.3
01-Dec-2019 10:17:14.553 INFORMACIÓN [main] org.apache.catalina.startup.VersionLoggerListener.log Vededor JVM:     Ubuntu
01-Dec-2019 10:17:14.553 INFORMACIÓN [main] org.apache.catalina.startup.VersionLoggerListener.log CATALINA_BASE:         /home/fran/Escritorio/DespliegeApp/tomcat/apache-tomcat-8.5.47
01-Dec-2019 10:17:14.553 INFORMACIÓN [main] org.apache.catalina.startup.VersionLoggerListener.log CATALINA_HOME:         /home/fran/Escritorio/DespliegeApp/tomcat/apache-tomcat-8.5.47
01-Dec-2019 10:17:14.555 INFORMACIÓN [main] org.apache.catalina.startup.VersionLoggerListener.log Command line argument: --add-opens=java.base/java.lang=ALL-UNNAMED
01-Dec-2019 10:17:14.555 INFORMACIÓN [main] org.apache.catalina.startup.VersionLoggerListener.log Command line argument: --add-opens=java.base/java.io=ALL-UNNAMED
01-Dec-2019 10:17:14.555 INFORMACIÓN [main] org.apache.catalina.startup.VersionLoggerListener.log Command line argument: --add-opens=java.rmi/sun.rmi.transport=ALL-UNNAMED
01-Dec-2019 10:17:14.555 INFORMACIÓN [main] org.apache.catalina.startup.VersionLoggerListener.log Command line argument: -Djava.util.logging.config.file=/home/fran/Escritorio/DespliegeApp/tomcat/apache-tomcat-8.5.47/conf/logging.properties
01-Dec-2019 10:17:14.555 INFORMACIÓN [main] org.apache.catalina.startup.VersionLoggerListener.log Command line argument: -Djava.util.logging.manager=org.apache.juli.ClassLoaderLogManager
01-Dec-2019 10:17:14.555 INFORMACIÓN [main] org.apache.catalina.startup.VersionLoggerListener.log Command line argument: -Djdk.tls.ephemeralDHKeySize=2048
01-Dec-2019 10:17:14.555 INFORMACIÓN [main] org.apache.catalina.startup.VersionLoggerListener.log Command line argument: -Djava.protocol.handler.pkgs=org.apache.catalina.webresources
01-Dec-2019 10:17:14.555 INFORMACIÓN [main] org.apache.catalina.startup.VersionLoggerListener.log Command line argument: -Dorg.apache.catalina.security.SecurityListener.UMASK=0027
01-Dec-2019 10:17:14.555 INFORMACIÓN [main] org.apache.catalina.startup.VersionLoggerListener.log Command line argument: -Dignore.endorsed.dirs=
01-Dec-2019 10:17:14.556 INFORMACIÓN [main] org.apache.catalina.startup.VersionLoggerListener.log Command line argument: -Dcatalina.base=/home/fran/Escritorio/DespliegeApp/tomcat/apache-tomcat-8.5.47
01-Dec-2019 10:17:14.556 INFORMACIÓN [main] org.apache.catalina.startup.VersionLoggerListener.log Command line argument: -Dcatalina.home=/home/fran/Escritorio/DespliegeApp/tomcat/apache-tomcat-8.5.47
01-Dec-2019 10:17:14.556 INFORMACIÓN [main] org.apache.catalina.startup.VersionLoggerListener.log Command line argument: -Djava.io.tmpdir=/home/fran/Escritorio/DespliegeApp/tomcat/apache-tomcat-8.5.47/temp
01-Dec-2019 10:17:14.556 INFORMACIÓN [main] org.apache.catalina.core.AprLifecycleListener.lifecycleEvent La biblioteca nativa de Apache Tomcat basada en ARP que permite un rendimiento óptimo en entornos de desarrollo no ha sido hallada en java.library.path: [/usr/java/packages/lib:/usr/lib/x86_64-linux-gnu/jni:/lib/x86_64-linux-gnu:/usr/lib/x86_64-linux-gnu:/usr/lib/jni:/lib:/usr/lib]
01-Dec-2019 10:17:14.598 INFORMACIÓN [main] org.apache.coyote.AbstractProtocol.init Inicializando el manejador de protocolo ["http-nio-8080"]

01-Dec-2019 10:17:14.608 INFORMACIÓN [main] org.apache.tomcat.util.net.NioSelectorPool.getSharedSelector Using a shared selector for servlet write/read
01-Dec-2019 10:17:14.622 INFORMACIÓN [main] org.apache.coyote.AbstractProtocol.init Inicializando el manejador de protocolo ["ajp-nio-8009"]

01-Dec-2019 10:17:14.623 INFORMACIÓN [main] org.apache.tomcat.util.net.NioSelectorPool.getSharedSelector Using a shared selector for servlet write/read
01-Dec-2019 10:17:14.624 INFORMACIÓN [main] org.apache.catalina.startup.Catalina.load Initialization processed in 471 ms
01-Dec-2019 10:17:14.672 INFORMACIÓN [main] org.apache.catalina.core.StandardService.startInternal Arrancando servicio [Catalina]
01-Dec-2019 10:17:14.672 INFORMACIÓN [main] org.apache.catalina.core.StandardEngine.startInternal Starting Servlet Engine: Apache Tomcat/8.5.47
01-Dec-2019 10:17:14.690 INFORMACIÓN [localhost-startStop-1] org.apache.catalina.startup.HostConfig.deployWAR Despliegue del archivo [/home/fran/Escritorio/DespliegeApp/tomcat/apache-tomcat-8.5.47/webapps/SensorMan2.war] de la aplicación web
01-Dec-2019 10:17:15.063 INFORMACIÓN [localhost-startStop-1] org.apache.jasper.servlet.TldScanner.scanJars Al menos un JAR, que se ha explorado buscando TLDs, aún no contenía TLDs. Activar historial de depuración para este historiador para una completa lista de los JARs que fueron explorados y de los que nos se halló TLDs. Saltarse JARs no necesarios durante la exploración puede dar lugar a una mejora de tiempo significativa en el arranque y compilación de JSP .
01-Dec-2019 10:17:15.120 INFORMACIÓN [localhost-startStop-1] org.apache.catalina.startup.HostConfig.deployWAR Deployment of web application archive [/home/fran/Escritorio/DespliegeApp/tomcat/apache-tomcat-8.5.47/webapps/SensorMan2.war] has finished in [428] ms
01-Dec-2019 10:17:15.122 INFORMACIÓN [localhost-startStop-1] org.apache.catalina.startup.HostConfig.deployDirectory Desplegando el directorio [/home/fran/Escritorio/DespliegeApp/tomcat/apache-tomcat-8.5.47/webapps/docs] de la aplicación web
01-Dec-2019 10:17:15.144 INFORMACIÓN [localhost-startStop-1] org.apache.catalina.startup.HostConfig.deployDirectory Deployment of web application directory [/home/fran/Escritorio/DespliegeApp/tomcat/apache-tomcat-8.5.47/webapps/docs] has finished in [22] ms
01-Dec-2019 10:17:15.144 INFORMACIÓN [localhost-startStop-1] org.apache.catalina.startup.HostConfig.deployDirectory Desplegando el directorio [/home/fran/Escritorio/DespliegeApp/tomcat/apache-tomcat-8.5.47/webapps/host-manager] de la aplicación web
01-Dec-2019 10:17:15.174 INFORMACIÓN [localhost-startStop-1] org.apache.catalina.startup.HostConfig.deployDirectory Deployment of web application directory [/home/fran/Escritorio/DespliegeApp/tomcat/apache-tomcat-8.5.47/webapps/host-manager] has finished in [30] ms
01-Dec-2019 10:17:15.174 INFORMACIÓN [localhost-startStop-1] org.apache.catalina.startup.HostConfig.deployDirectory Desplegando el directorio [/home/fran/Escritorio/DespliegeApp/tomcat/apache-tomcat-8.5.47/webapps/examples] de la aplicación web
01-Dec-2019 10:17:15.364 INFORMACIÓN [localhost-startStop-1] org.apache.catalina.startup.HostConfig.deployDirectory Deployment of web application directory [/home/fran/Escritorio/DespliegeApp/tomcat/apache-tomcat-8.5.47/webapps/examples] has finished in [189] ms
01-Dec-2019 10:17:15.364 INFORMACIÓN [localhost-startStop-1] org.apache.catalina.startup.HostConfig.deployDirectory Desplegando el directorio [/home/fran/Escritorio/DespliegeApp/tomcat/apache-tomcat-8.5.47/webapps/ROOT] de la aplicación web
01-Dec-2019 10:17:15.383 INFORMACIÓN [localhost-startStop-1] org.apache.catalina.startup.HostConfig.deployDirectory Deployment of web application directory [/home/fran/Escritorio/DespliegeApp/tomcat/apache-tomcat-8.5.47/webapps/ROOT] has finished in [19] ms
01-Dec-2019 10:17:15.383 INFORMACIÓN [localhost-startStop-1] org.apache.catalina.startup.HostConfig.deployDirectory Desplegando el directorio [/home/fran/Escritorio/DespliegeApp/tomcat/apache-tomcat-8.5.47/webapps/manager] de la aplicación web
01-Dec-2019 10:17:15.407 INFORMACIÓN [localhost-startStop-1] org.apache.catalina.startup.HostConfig.deployDirectory Deployment of web application directory [/home/fran/Escritorio/DespliegeApp/tomcat/apache-tomcat-8.5.47/webapps/manager] has finished in [24] ms
01-Dec-2019 10:17:15.413 INFORMACIÓN [main] org.apache.coyote.AbstractProtocol.start Starting ProtocolHandler ["http-nio-8080"]
01-Dec-2019 10:17:15.428 INFORMACIÓN [main] org.apache.coyote.AbstractProtocol.start Starting ProtocolHandler ["ajp-nio-8009"]
01-Dec-2019 10:17:15.474 INFORMACIÓN [main] org.apache.catalina.startup.Catalina.start Server startup in 849 ms
HE LLEGADO SEVET
Connecting to database...
USUARIO EXISTE
Connecting to database...
hola
hola
PASS IGUAL !!!!!!!!!!
victor
LISTANDO...
Connecting to database...
1
victor
LISTANDO...
Connecting to database...
1
Connecting to database...
HE LLEGADO SEVET
victor
PASS IGUAL
Connecting to database...
DISPOSITIVO NO EXISTENTE EN LA BD...INSERTANDO
victor
LISTANDO...
Connecting to database...
2
Connecting to database...
01-Dec-2019 10:22:11.675 INFORMACIÓN [main] org.apache.catalina.core.StandardServer.await Se ha recibido un comando de apagado a través del puerto de apagado. Parando la instancia del Servidor.
01-Dec-2019 10:22:11.675 INFORMACIÓN [main] org.apache.coyote.AbstractProtocol.pause Pausing ProtocolHandler ["http-nio-8080"]
01-Dec-2019 10:22:11.681 INFORMACIÓN [main] org.apache.coyote.AbstractProtocol.pause Pausing ProtocolHandler ["ajp-nio-8009"]
01-Dec-2019 10:22:11.687 INFORMACIÓN [main] org.apache.catalina.core.StandardService.stopInternal Parando servicio [Catalina]
01-Dec-2019 10:22:11.722 ADVERTENCIA [localhost-startStop-2] org.apache.catalina.loader.WebappClassLoaderBase.clearReferencesJdbc La aplicación web [SensorMan2] registró el conductor JDBC [org.mariadb.jdbc.Driver] pero falló al anular el registro mientras la aplicación web estaba parada. Para prevenir un fallo de memoria, se ha anulado el registro del conductor JDBC por la fuerza.
01-Dec-2019 10:22:11.730 INFORMACIÓN [main] org.apache.coyote.AbstractProtocol.stop Stopping ProtocolHandler ["http-nio-8080"]
01-Dec-2019 10:22:11.731 INFORMACIÓN [main] org.apache.coyote.AbstractProtocol.stop Stopping ProtocolHandler ["ajp-nio-8009"]
01-Dec-2019 10:22:11.733 INFORMACIÓN [main] org.apache.coyote.AbstractProtocol.destroy Destroying ProtocolHandler ["http-nio-8080"]
01-Dec-2019 10:22:11.734 INFORMACIÓN [main] org.apache.coyote.AbstractProtocol.destroy Destroying ProtocolHandler ["ajp-nio-8009"]
NOTE: Picked up JDK_JAVA_OPTIONS:  --add-opens=java.base/java.lang=ALL-UNNAMED --add-opens=java.base/java.io=ALL-UNNAMED --add-opens=java.rmi/sun.rmi.transport=ALL-UNNAMED
01-Dec-2019 10:27:35.335 INFORMACIÓN [main] org.apache.catalina.startup.VersionLoggerListener.log Nombre de la versión del servidor:   Apache Tomcat/8.5.47

01-Dec-2019 10:27:35.339 INFORMACIÓN [main] org.apache.catalina.startup.VersionLoggerListener.log Server built:          Oct 7 2019 13:30:46 UTC
01-Dec-2019 10:27:35.339 INFORMACIÓN [main] org.apache.catalina.startup.VersionLoggerListener.log Número de versión de servidor:         8.5.47.0
01-Dec-2019 10:27:35.340 INFORMACIÓN [main] org.apache.catalina.startup.VersionLoggerListener.log OS Name:               Linux
01-Dec-2019 10:27:35.340 INFORMACIÓN [main] org.apache.catalina.startup.VersionLoggerListener.log Versión de Systema Operativo:      5.0.0-36-generic

01-Dec-2019 10:27:35.340 INFORMACIÓN [main] org.apache.catalina.startup.VersionLoggerListener.log Arquitectura:          amd64

01-Dec-2019 10:27:35.340 INFORMACIÓN [main] org.apache.catalina.startup.VersionLoggerListener.log Java Home:             /usr/lib/jvm/java-11-openjdk-amd64
01-Dec-2019 10:27:35.340 INFORMACIÓN [main] org.apache.catalina.startup.VersionLoggerListener.log JVM Version:           11.0.4+11-post-Ubuntu-1ubuntu218.04.3
01-Dec-2019 10:27:35.340 INFORMACIÓN [main] org.apache.catalina.startup.VersionLoggerListener.log Vededor JVM:     Ubuntu
01-Dec-2019 10:27:35.340 INFORMACIÓN [main] org.apache.catalina.startup.VersionLoggerListener.log CATALINA_BASE:         /home/fran/Escritorio/DespliegeApp/tomcat/apache-tomcat-8.5.47
01-Dec-2019 10:27:35.341 INFORMACIÓN [main] org.apache.catalina.startup.VersionLoggerListener.log CATALINA_HOME:         /home/fran/Escritorio/DespliegeApp/tomcat/apache-tomcat-8.5.47
01-Dec-2019 10:27:35.342 INFORMACIÓN [main] org.apache.catalina.startup.VersionLoggerListener.log Command line argument: --add-opens=java.base/java.lang=ALL-UNNAMED
01-Dec-2019 10:27:35.342 INFORMACIÓN [main] org.apache.catalina.startup.VersionLoggerListener.log Command line argument: --add-opens=java.base/java.io=ALL-UNNAMED
01-Dec-2019 10:27:35.342 INFORMACIÓN [main] org.apache.catalina.startup.VersionLoggerListener.log Command line argument: --add-opens=java.rmi/sun.rmi.transport=ALL-UNNAMED
01-Dec-2019 10:27:35.342 INFORMACIÓN [main] org.apache.catalina.startup.VersionLoggerListener.log Command line argument: -Djava.util.logging.config.file=/home/fran/Escritorio/DespliegeApp/tomcat/apache-tomcat-8.5.47/conf/logging.properties
01-Dec-2019 10:27:35.342 INFORMACIÓN [main] org.apache.catalina.startup.VersionLoggerListener.log Command line argument: -Djava.util.logging.manager=org.apache.juli.ClassLoaderLogManager
01-Dec-2019 10:27:35.342 INFORMACIÓN [main] org.apache.catalina.startup.VersionLoggerListener.log Command line argument: -Djdk.tls.ephemeralDHKeySize=2048
01-Dec-2019 10:27:35.342 INFORMACIÓN [main] org.apache.catalina.startup.VersionLoggerListener.log Command line argument: -Djava.protocol.handler.pkgs=org.apache.catalina.webresources
01-Dec-2019 10:27:35.343 INFORMACIÓN [main] org.apache.catalina.startup.VersionLoggerListener.log Command line argument: -Dorg.apache.catalina.security.SecurityListener.UMASK=0027
01-Dec-2019 10:27:35.343 INFORMACIÓN [main] org.apache.catalina.startup.VersionLoggerListener.log Command line argument: -Dignore.endorsed.dirs=
01-Dec-2019 10:27:35.343 INFORMACIÓN [main] org.apache.catalina.startup.VersionLoggerListener.log Command line argument: -Dcatalina.base=/home/fran/Escritorio/DespliegeApp/tomcat/apache-tomcat-8.5.47
01-Dec-2019 10:27:35.343 INFORMACIÓN [main] org.apache.catalina.startup.VersionLoggerListener.log Command line argument: -Dcatalina.home=/home/fran/Escritorio/DespliegeApp/tomcat/apache-tomcat-8.5.47
01-Dec-2019 10:27:35.343 INFORMACIÓN [main] org.apache.catalina.startup.VersionLoggerListener.log Command line argument: -Djava.io.tmpdir=/home/fran/Escritorio/DespliegeApp/tomcat/apache-tomcat-8.5.47/temp
01-Dec-2019 10:27:35.343 INFORMACIÓN [main] org.apache.catalina.core.AprLifecycleListener.lifecycleEvent La biblioteca nativa de Apache Tomcat basada en ARP que permite un rendimiento óptimo en entornos de desarrollo no ha sido hallada en java.library.path: [/usr/java/packages/lib:/usr/lib/x86_64-linux-gnu/jni:/lib/x86_64-linux-gnu:/usr/lib/x86_64-linux-gnu:/usr/lib/jni:/lib:/usr/lib]
01-Dec-2019 10:27:35.385 INFORMACIÓN [main] org.apache.coyote.AbstractProtocol.init Inicializando el manejador de protocolo ["http-nio-8080"]

01-Dec-2019 10:27:35.396 INFORMACIÓN [main] org.apache.tomcat.util.net.NioSelectorPool.getSharedSelector Using a shared selector for servlet write/read
01-Dec-2019 10:27:35.409 INFORMACIÓN [main] org.apache.coyote.AbstractProtocol.init Inicializando el manejador de protocolo ["ajp-nio-8009"]

01-Dec-2019 10:27:35.410 INFORMACIÓN [main] org.apache.tomcat.util.net.NioSelectorPool.getSharedSelector Using a shared selector for servlet write/read
01-Dec-2019 10:27:35.411 INFORMACIÓN [main] org.apache.catalina.startup.Catalina.load Initialization processed in 499 ms
01-Dec-2019 10:27:35.460 INFORMACIÓN [main] org.apache.catalina.core.StandardService.startInternal Arrancando servicio [Catalina]
01-Dec-2019 10:27:35.460 INFORMACIÓN [main] org.apache.catalina.core.StandardEngine.startInternal Starting Servlet Engine: Apache Tomcat/8.5.47
01-Dec-2019 10:27:35.479 INFORMACIÓN [localhost-startStop-1] org.apache.catalina.startup.HostConfig.deployWAR Despliegue del archivo [/home/fran/Escritorio/DespliegeApp/tomcat/apache-tomcat-8.5.47/webapps/SensorMan2.war] de la aplicación web
01-Dec-2019 10:27:35.845 INFORMACIÓN [localhost-startStop-1] org.apache.jasper.servlet.TldScanner.scanJars Al menos un JAR, que se ha explorado buscando TLDs, aún no contenía TLDs. Activar historial de depuración para este historiador para una completa lista de los JARs que fueron explorados y de los que nos se halló TLDs. Saltarse JARs no necesarios durante la exploración puede dar lugar a una mejora de tiempo significativa en el arranque y compilación de JSP .
01-Dec-2019 10:27:35.933 INFORMACIÓN [localhost-startStop-1] org.apache.catalina.startup.HostConfig.deployWAR Deployment of web application archive [/home/fran/Escritorio/DespliegeApp/tomcat/apache-tomcat-8.5.47/webapps/SensorMan2.war] has finished in [449] ms
01-Dec-2019 10:27:35.935 INFORMACIÓN [localhost-startStop-1] org.apache.catalina.startup.HostConfig.deployDirectory Desplegando el directorio [/home/fran/Escritorio/DespliegeApp/tomcat/apache-tomcat-8.5.47/webapps/docs] de la aplicación web
01-Dec-2019 10:27:35.958 INFORMACIÓN [localhost-startStop-1] org.apache.catalina.startup.HostConfig.deployDirectory Deployment of web application directory [/home/fran/Escritorio/DespliegeApp/tomcat/apache-tomcat-8.5.47/webapps/docs] has finished in [23] ms
01-Dec-2019 10:27:35.958 INFORMACIÓN [localhost-startStop-1] org.apache.catalina.startup.HostConfig.deployDirectory Desplegando el directorio [/home/fran/Escritorio/DespliegeApp/tomcat/apache-tomcat-8.5.47/webapps/host-manager] de la aplicación web
01-Dec-2019 10:27:35.995 INFORMACIÓN [localhost-startStop-1] org.apache.catalina.startup.HostConfig.deployDirectory Deployment of web application directory [/home/fran/Escritorio/DespliegeApp/tomcat/apache-tomcat-8.5.47/webapps/host-manager] has finished in [37] ms
01-Dec-2019 10:27:35.995 INFORMACIÓN [localhost-startStop-1] org.apache.catalina.startup.HostConfig.deployDirectory Desplegando el directorio [/home/fran/Escritorio/DespliegeApp/tomcat/apache-tomcat-8.5.47/webapps/examples] de la aplicación web
01-Dec-2019 10:27:36.266 INFORMACIÓN [localhost-startStop-1] org.apache.catalina.startup.HostConfig.deployDirectory Deployment of web application directory [/home/fran/Escritorio/DespliegeApp/tomcat/apache-tomcat-8.5.47/webapps/examples] has finished in [271] ms
01-Dec-2019 10:27:36.267 INFORMACIÓN [localhost-startStop-1] org.apache.catalina.startup.HostConfig.deployDirectory Desplegando el directorio [/home/fran/Escritorio/DespliegeApp/tomcat/apache-tomcat-8.5.47/webapps/ROOT] de la aplicación web
01-Dec-2019 10:27:36.300 INFORMACIÓN [localhost-startStop-1] org.apache.catalina.startup.HostConfig.deployDirectory Deployment of web application directory [/home/fran/Escritorio/DespliegeApp/tomcat/apache-tomcat-8.5.47/webapps/ROOT] has finished in [33] ms
01-Dec-2019 10:27:36.300 INFORMACIÓN [localhost-startStop-1] org.apache.catalina.startup.HostConfig.deployDirectory Desplegando el directorio [/home/fran/Escritorio/DespliegeApp/tomcat/apache-tomcat-8.5.47/webapps/manager] de la aplicación web
01-Dec-2019 10:27:36.327 INFORMACIÓN [localhost-startStop-1] org.apache.catalina.startup.HostConfig.deployDirectory Deployment of web application directory [/home/fran/Escritorio/DespliegeApp/tomcat/apache-tomcat-8.5.47/webapps/manager] has finished in [27] ms
01-Dec-2019 10:27:36.332 INFORMACIÓN [main] org.apache.coyote.AbstractProtocol.start Starting ProtocolHandler ["http-nio-8080"]
01-Dec-2019 10:27:36.376 INFORMACIÓN [main] org.apache.coyote.AbstractProtocol.start Starting ProtocolHandler ["ajp-nio-8009"]
01-Dec-2019 10:27:36.445 INFORMACIÓN [main] org.apache.catalina.startup.Catalina.start Server startup in 1033 ms
HE LLEGADO SEVET
Connecting to database...
USUARIO EXISTE
Connecting to database...
hola
hola
PASS IGUAL !!!!!!!!!!
victor
LISTANDO...
Connecting to database...
1
Connecting to database...
